<?xml version="1.0" encoding="UTF-8"?>
<robot generator="Robot 3.2.1 (Python 3.7.4 on win32)" generated="20200618 20:53:37.718" rpa="false">
<suite id="s1" name="Acceptance Test" source="E:\wamp64\www\RetailBanking\Acceptance Test.robot">
<test id="s1-t1" name="test_cust_executive_login">
<kw name="Open Browser" library="SeleniumLibrary">
<doc>Opens a new browser instance to the optional ``url``.</doc>
<arguments>
<arg>${base_url}</arg>
<arg>chrome</arg>
</arguments>
<msg timestamp="20200618 20:53:37.983" level="INFO">Opening browser 'chrome' to base url 'http://127.0.0.1:5000/'.</msg>
<status status="PASS" starttime="20200618 20:53:37.982" endtime="20200618 20:53:42.951"></status>
</kw>
<kw name="Maximize Browser Window" library="SeleniumLibrary">
<doc>Maximizes current browser window.</doc>
<status status="PASS" starttime="20200618 20:53:42.952" endtime="20200618 20:53:45.114"></status>
</kw>
<kw name="CustExecutive Login Page Should Be Open">
<kw name="Title Should Be" library="SeleniumLibrary">
<doc>Verifies that the current page title equals ``title``.</doc>
<arguments>
<arg>Mars | Login</arg>
</arguments>
<msg timestamp="20200618 20:53:45.114" level="INFO">Page title is 'Mars | Login'.</msg>
<status status="PASS" starttime="20200618 20:53:45.114" endtime="20200618 20:53:45.114"></status>
</kw>
<kw name="Input Text" library="SeleniumLibrary">
<doc>Types the given ``text`` into the text field identified by ``locator``.</doc>
<arguments>
<arg>name:username</arg>
<arg>${CUST_EXECUTIVE_USERNAME}</arg>
</arguments>
<msg timestamp="20200618 20:53:45.114" level="INFO">Typing text 'admin123' into text field 'name:username'.</msg>
<status status="PASS" starttime="20200618 20:53:45.114" endtime="20200618 20:53:45.236"></status>
</kw>
<kw name="Input Text" library="SeleniumLibrary">
<doc>Types the given ``text`` into the text field identified by ``locator``.</doc>
<arguments>
<arg>name:password</arg>
<arg>${CUST_EXECUTIVE_PASSWORD}</arg>
</arguments>
<msg timestamp="20200618 20:53:45.236" level="INFO">Typing text 'Admin@1234' into text field 'name:password'.</msg>
<status status="PASS" starttime="20200618 20:53:45.236" endtime="20200618 20:53:45.390"></status>
</kw>
<kw name="Select From List By Value" library="SeleniumLibrary">
<doc>Selects options from selection list ``locator`` by ``values``.</doc>
<arguments>
<arg>name:login_type</arg>
<arg>cust_executive</arg>
</arguments>
<msg timestamp="20200618 20:53:45.391" level="INFO">Selecting options from selection list 'name:login_type' by value cust_executive.</msg>
<status status="PASS" starttime="20200618 20:53:45.391" endtime="20200618 20:53:45.464"></status>
</kw>
<kw name="Click Button" library="SeleniumLibrary">
<doc>Clicks the button identified by ``locator``.</doc>
<arguments>
<arg>Login</arg>
</arguments>
<msg timestamp="20200618 20:53:45.465" level="INFO">Clicking button 'Login'.</msg>
<status status="PASS" starttime="20200618 20:53:45.464" endtime="20200618 20:53:47.313"></status>
</kw>
<kw name="Title Should Be" library="SeleniumLibrary">
<doc>Verifies that the current page title equals ``title``.</doc>
<arguments>
<arg>Mars | Home</arg>
</arguments>
<msg timestamp="20200618 20:53:47.319" level="INFO">Page title is 'Mars | Home'.</msg>
<status status="PASS" starttime="20200618 20:53:47.313" endtime="20200618 20:53:47.319"></status>
</kw>
<status status="PASS" starttime="20200618 20:53:45.114" endtime="20200618 20:53:47.319"></status>
</kw>
<kw name="Click Link" library="SeleniumLibrary">
<doc>Clicks a link identified by ``locator``.</doc>
<arguments>
<arg>Logout</arg>
</arguments>
<msg timestamp="20200618 20:53:47.320" level="INFO">Clicking link 'Logout'.</msg>
<status status="PASS" starttime="20200618 20:53:47.320" endtime="20200618 20:53:47.587"></status>
</kw>
<kw name="Close Browser" library="SeleniumLibrary">
<doc>Closes the current browser.</doc>
<status status="PASS" starttime="20200618 20:53:47.588" endtime="20200618 20:53:50.001"></status>
</kw>
<status status="PASS" starttime="20200618 20:53:37.981" endtime="20200618 20:53:50.002" critical="yes"></status>
</test>
<test id="s1-t2" name="test_create_update_customer">
<kw name="Open Browser" library="SeleniumLibrary">
<doc>Opens a new browser instance to the optional ``url``.</doc>
<arguments>
<arg>${base_url}</arg>
<arg>chrome</arg>
</arguments>
<msg timestamp="20200618 20:53:50.008" level="INFO">Opening browser 'chrome' to base url 'http://127.0.0.1:5000/'.</msg>
<status status="PASS" starttime="20200618 20:53:50.007" endtime="20200618 20:53:54.696"></status>
</kw>
<kw name="Maximize Browser Window" library="SeleniumLibrary">
<doc>Maximizes current browser window.</doc>
<status status="PASS" starttime="20200618 20:53:54.697" endtime="20200618 20:53:56.824"></status>
</kw>
<kw name="CustExecutive Login Page Should Be Open">
<kw name="Title Should Be" library="SeleniumLibrary">
<doc>Verifies that the current page title equals ``title``.</doc>
<arguments>
<arg>Mars | Login</arg>
</arguments>
<msg timestamp="20200618 20:53:56.833" level="INFO">Page title is 'Mars | Login'.</msg>
<status status="PASS" starttime="20200618 20:53:56.826" endtime="20200618 20:53:56.834"></status>
</kw>
<kw name="Input Text" library="SeleniumLibrary">
<doc>Types the given ``text`` into the text field identified by ``locator``.</doc>
<arguments>
<arg>name:username</arg>
<arg>${CUST_EXECUTIVE_USERNAME}</arg>
</arguments>
<msg timestamp="20200618 20:53:56.834" level="INFO">Typing text 'admin123' into text field 'name:username'.</msg>
<status status="PASS" starttime="20200618 20:53:56.834" endtime="20200618 20:53:56.956"></status>
</kw>
<kw name="Input Text" library="SeleniumLibrary">
<doc>Types the given ``text`` into the text field identified by ``locator``.</doc>
<arguments>
<arg>name:password</arg>
<arg>${CUST_EXECUTIVE_PASSWORD}</arg>
</arguments>
<msg timestamp="20200618 20:53:56.956" level="INFO">Typing text 'Admin@1234' into text field 'name:password'.</msg>
<status status="PASS" starttime="20200618 20:53:56.956" endtime="20200618 20:53:57.097"></status>
</kw>
<kw name="Select From List By Value" library="SeleniumLibrary">
<doc>Selects options from selection list ``locator`` by ``values``.</doc>
<arguments>
<arg>name:login_type</arg>
<arg>cust_executive</arg>
</arguments>
<msg timestamp="20200618 20:53:57.098" level="INFO">Selecting options from selection list 'name:login_type' by value cust_executive.</msg>
<status status="PASS" starttime="20200618 20:53:57.097" endtime="20200618 20:53:57.154"></status>
</kw>
<kw name="Click Button" library="SeleniumLibrary">
<doc>Clicks the button identified by ``locator``.</doc>
<arguments>
<arg>Login</arg>
</arguments>
<msg timestamp="20200618 20:53:57.154" level="INFO">Clicking button 'Login'.</msg>
<status status="PASS" starttime="20200618 20:53:57.154" endtime="20200618 20:53:58.586"></status>
</kw>
<kw name="Title Should Be" library="SeleniumLibrary">
<doc>Verifies that the current page title equals ``title``.</doc>
<arguments>
<arg>Mars | Home</arg>
</arguments>
<msg timestamp="20200618 20:53:58.592" level="INFO">Page title is 'Mars | Home'.</msg>
<status status="PASS" starttime="20200618 20:53:58.586" endtime="20200618 20:53:58.592"></status>
</kw>
<status status="PASS" starttime="20200618 20:53:56.825" endtime="20200618 20:53:58.592"></status>
</kw>
<kw name="Click Element" library="SeleniumLibrary">
<doc>Click the element identified by ``locator``.</doc>
<arguments>
<arg>//*[contains(text(),'Customer Management')]</arg>
</arguments>
<msg timestamp="20200618 20:53:58.593" level="INFO">Clicking element '//*[contains(text(),'Customer Management')]'.</msg>
<status status="PASS" starttime="20200618 20:53:58.593" endtime="20200618 20:53:58.670"></status>
</kw>
<kw name="Click Link" library="SeleniumLibrary">
<doc>Clicks a link identified by ``locator``.</doc>
<arguments>
<arg>Create Customer</arg>
</arguments>
<msg timestamp="20200618 20:53:58.672" level="INFO">Clicking link 'Create Customer'.</msg>
<status status="PASS" starttime="20200618 20:53:58.671" endtime="20200618 20:53:59.008"></status>
</kw>
<kw name="Input Text" library="SeleniumLibrary">
<doc>Types the given ``text`` into the text field identified by ``locator``.</doc>
<arguments>
<arg>name:cust_ssid</arg>
<arg>${CUST_SSNID}</arg>
</arguments>
<msg timestamp="20200618 20:53:59.009" level="INFO">Typing text '123456789' into text field 'name:cust_ssid'.</msg>
<status status="PASS" starttime="20200618 20:53:59.008" endtime="20200618 20:53:59.180"></status>
</kw>
<kw name="Input Text" library="SeleniumLibrary">
<doc>Types the given ``text`` into the text field identified by ``locator``.</doc>
<arguments>
<arg>name:cust_name</arg>
<arg>Sainath</arg>
</arguments>
<msg timestamp="20200618 20:53:59.183" level="INFO">Typing text 'Sainath' into text field 'name:cust_name'.</msg>
<status status="PASS" starttime="20200618 20:53:59.182" endtime="20200618 20:53:59.318"></status>
</kw>
<kw name="Input Text" library="SeleniumLibrary">
<doc>Types the given ``text`` into the text field identified by ``locator``.</doc>
<arguments>
<arg>name:cust_age</arg>
<arg>22</arg>
</arguments>
<msg timestamp="20200618 20:53:59.319" level="INFO">Typing text '22' into text field 'name:cust_age'.</msg>
<status status="PASS" starttime="20200618 20:53:59.318" endtime="20200618 20:53:59.418"></status>
</kw>
<kw name="Input Text" library="SeleniumLibrary">
<doc>Types the given ``text`` into the text field identified by ``locator``.</doc>
<arguments>
<arg>name:cust_address</arg>
<arg>Charlapally</arg>
</arguments>
<msg timestamp="20200618 20:53:59.419" level="INFO">Typing text 'Charlapally' into text field 'name:cust_address'.</msg>
<status status="PASS" starttime="20200618 20:53:59.418" endtime="20200618 20:53:59.561"></status>
</kw>
<kw name="Execute Javascript" library="SeleniumLibrary">
<doc>Executes the given JavaScript code with possible arguments.</doc>
<arguments>
<arg>window.scrollTo(0,200)</arg>
</arguments>
<msg timestamp="20200618 20:53:59.563" level="INFO">Executing JavaScript:
window.scrollTo(0,200)
Without any arguments.</msg>
<status status="PASS" starttime="20200618 20:53:59.562" endtime="20200618 20:53:59.571"></status>
</kw>
<kw name="Select From List By Label" library="SeleniumLibrary">
<doc>Selects options from selection list ``locator`` by ``labels``.</doc>
<arguments>
<arg>name:cust_state</arg>
<arg>Andhra Pradesh</arg>
</arguments>
<msg timestamp="20200618 20:53:59.571" level="INFO">Selecting options from selection list 'name:cust_state' by label Andhra Pradesh.</msg>
<status status="PASS" starttime="20200618 20:53:59.571" endtime="20200618 20:53:59.697"></status>
</kw>
<kw name="Select From List By Label" library="SeleniumLibrary">
<doc>Selects options from selection list ``locator`` by ``labels``.</doc>
<arguments>
<arg>name:cust_city</arg>
<arg>Hyderabad</arg>
</arguments>
<msg timestamp="20200618 20:53:59.698" level="INFO">Selecting options from selection list 'name:cust_city' by label Hyderabad.</msg>
<status status="PASS" starttime="20200618 20:53:59.698" endtime="20200618 20:53:59.817"></status>
</kw>
<kw name="Click Button" library="SeleniumLibrary">
<doc>Clicks the button identified by ``locator``.</doc>
<arguments>
<arg>Create</arg>
</arguments>
<msg timestamp="20200618 20:53:59.818" level="INFO">Clicking button 'Create'.</msg>
<status status="PASS" starttime="20200618 20:53:59.818" endtime="20200618 20:54:00.214"></status>
</kw>
<kw name="Title Should Be" library="SeleniumLibrary">
<doc>Verifies that the current page title equals ``title``.</doc>
<arguments>
<arg>Mars | Create Customer</arg>
</arguments>
<msg timestamp="20200618 20:54:00.224" level="INFO">Page title is 'Mars | Create Customer'.</msg>
<status status="PASS" starttime="20200618 20:54:00.219" endtime="20200618 20:54:00.225"></status>
</kw>
<kw name="Set Selenium Speed" library="SeleniumLibrary">
<doc>Sets the delay that is waited after each Selenium command.</doc>
<arguments>
<arg>0.2 seconds</arg>
</arguments>
<status status="PASS" starttime="20200618 20:54:00.225" endtime="20200618 20:54:00.226"></status>
</kw>
<kw name="Click Element" library="SeleniumLibrary">
<doc>Click the element identified by ``locator``.</doc>
<arguments>
<arg>//*[contains(text(),'Customer Management')]</arg>
</arguments>
<msg timestamp="20200618 20:54:00.227" level="INFO">Clicking element '//*[contains(text(),'Customer Management')]'.</msg>
<status status="PASS" starttime="20200618 20:54:00.226" endtime="20200618 20:54:00.689"></status>
</kw>
<kw name="Click Link" library="SeleniumLibrary">
<doc>Clicks a link identified by ``locator``.</doc>
<arguments>
<arg>Edit Customer</arg>
</arguments>
<msg timestamp="20200618 20:54:00.690" level="INFO">Clicking link 'Edit Customer'.</msg>
<status status="PASS" starttime="20200618 20:54:00.689" endtime="20200618 20:54:01.501"></status>
</kw>
<kw name="Input Text" library="SeleniumLibrary">
<doc>Types the given ``text`` into the text field identified by ``locator``.</doc>
<arguments>
<arg>name:id</arg>
<arg>${CUST_ID}</arg>
</arguments>
<msg timestamp="20200618 20:54:01.502" level="INFO">Typing text '100000004' into text field 'name:id'.</msg>
<status status="PASS" starttime="20200618 20:54:01.501" endtime="20200618 20:54:02.272"></status>
</kw>
<kw name="Click Element" library="SeleniumLibrary">
<doc>Click the element identified by ``locator``.</doc>
<arguments>
<arg>id:searchBtn</arg>
</arguments>
<msg timestamp="20200618 20:54:02.273" level="INFO">Clicking element 'id:searchBtn'.</msg>
<status status="PASS" starttime="20200618 20:54:02.273" endtime="20200618 20:54:02.870"></status>
</kw>
<kw name="Input Text" library="SeleniumLibrary">
<doc>Types the given ``text`` into the text field identified by ``locator``.</doc>
<arguments>
<arg>name:cust_new_name</arg>
<arg>Sainath Omdas</arg>
</arguments>
<msg timestamp="20200618 20:54:02.871" level="INFO">Typing text 'Sainath Omdas' into text field 'name:cust_new_name'.</msg>
<status status="PASS" starttime="20200618 20:54:02.871" endtime="20200618 20:54:03.670"></status>
</kw>
<kw name="Execute Javascript" library="SeleniumLibrary">
<doc>Executes the given JavaScript code with possible arguments.</doc>
<arguments>
<arg>window.scrollTo(0,100)</arg>
</arguments>
<msg timestamp="20200618 20:54:03.671" level="INFO">Executing JavaScript:
window.scrollTo(0,100)
Without any arguments.</msg>
<status status="PASS" starttime="20200618 20:54:03.671" endtime="20200618 20:54:03.885"></status>
</kw>
<kw name="Input Text" library="SeleniumLibrary">
<doc>Types the given ``text`` into the text field identified by ``locator``.</doc>
<arguments>
<arg>name:cust_new_age</arg>
<arg>22</arg>
</arguments>
<msg timestamp="20200618 20:54:03.886" level="INFO">Typing text '22' into text field 'name:cust_new_age'.</msg>
<status status="PASS" starttime="20200618 20:54:03.886" endtime="20200618 20:54:04.578"></status>
</kw>
<kw name="Execute Javascript" library="SeleniumLibrary">
<doc>Executes the given JavaScript code with possible arguments.</doc>
<arguments>
<arg>window.scrollTo(0,200)</arg>
</arguments>
<msg timestamp="20200618 20:54:04.583" level="INFO">Executing JavaScript:
window.scrollTo(0,200)
Without any arguments.</msg>
<status status="PASS" starttime="20200618 20:54:04.581" endtime="20200618 20:54:04.793"></status>
</kw>
<kw name="Input Text" library="SeleniumLibrary">
<doc>Types the given ``text`` into the text field identified by ``locator``.</doc>
<arguments>
<arg>name:cust_new_address</arg>
<arg>Hyderabad</arg>
</arguments>
<msg timestamp="20200618 20:54:04.794" level="INFO">Typing text 'Hyderabad' into text field 'name:cust_new_address'.</msg>
<status status="PASS" starttime="20200618 20:54:04.794" endtime="20200618 20:54:05.525"></status>
</kw>
<kw name="Execute Javascript" library="SeleniumLibrary">
<doc>Executes the given JavaScript code with possible arguments.</doc>
<arguments>
<arg>window.scrollTo(0,100)</arg>
</arguments>
<msg timestamp="20200618 20:54:05.528" level="INFO">Executing JavaScript:
window.scrollTo(0,100)
Without any arguments.</msg>
<status status="PASS" starttime="20200618 20:54:05.526" endtime="20200618 20:54:05.737"></status>
</kw>
<kw name="Select From List By Label" library="SeleniumLibrary">
<doc>Selects options from selection list ``locator`` by ``labels``.</doc>
<arguments>
<arg>name:cust_state</arg>
<arg>Andhra Pradesh</arg>
</arguments>
<msg timestamp="20200618 20:54:05.738" level="INFO">Selecting options from selection list 'name:cust_state' by label Andhra Pradesh.</msg>
<status status="PASS" starttime="20200618 20:54:05.738" endtime="20200618 20:54:07.239"></status>
</kw>
<kw name="Select From List By Label" library="SeleniumLibrary">
<doc>Selects options from selection list ``locator`` by ``labels``.</doc>
<arguments>
<arg>name:cust_city</arg>
<arg>Hyderabad</arg>
</arguments>
<msg timestamp="20200618 20:54:07.240" level="INFO">Selecting options from selection list 'name:cust_city' by label Hyderabad.</msg>
<status status="PASS" starttime="20200618 20:54:07.240" endtime="20200618 20:54:08.711"></status>
</kw>
<kw name="Click Button" library="SeleniumLibrary">
<doc>Clicks the button identified by ``locator``.</doc>
<arguments>
<arg>Update</arg>
</arguments>
<msg timestamp="20200618 20:54:08.711" level="INFO">Clicking button 'Update'.</msg>
<status status="PASS" starttime="20200618 20:54:08.711" endtime="20200618 20:54:09.661"></status>
</kw>
<kw name="Title Should Be" library="SeleniumLibrary">
<doc>Verifies that the current page title equals ``title``.</doc>
<arguments>
<arg>Mars | Update Customer</arg>
</arguments>
<msg timestamp="20200618 20:54:09.877" level="INFO">Page title is 'Mars | Update Customer'.</msg>
<status status="PASS" starttime="20200618 20:54:09.662" endtime="20200618 20:54:09.877"></status>
</kw>
<kw name="Click Element" library="SeleniumLibrary">
<doc>Click the element identified by ``locator``.</doc>
<arguments>
<arg>//*[contains(text(),'Customer Management')]</arg>
</arguments>
<msg timestamp="20200618 20:54:09.878" level="INFO">Clicking element '//*[contains(text(),'Customer Management')]'.</msg>
<status status="PASS" starttime="20200618 20:54:09.878" endtime="20200618 20:54:10.341"></status>
</kw>
<kw name="Click Link" library="SeleniumLibrary">
<doc>Clicks a link identified by ``locator``.</doc>
<arguments>
<arg>Edit Customer</arg>
</arguments>
<msg timestamp="20200618 20:54:10.342" level="INFO">Clicking link 'Edit Customer'.</msg>
<status status="PASS" starttime="20200618 20:54:10.342" endtime="20200618 20:54:11.128"></status>
</kw>
<kw name="Select From List By Value" library="SeleniumLibrary">
<doc>Selects options from selection list ``locator`` by ``values``.</doc>
<arguments>
<arg>name:input_type</arg>
<arg>ssn_id</arg>
</arguments>
<msg timestamp="20200618 20:54:11.129" level="INFO">Selecting options from selection list 'name:input_type' by value ssn_id.</msg>
<status status="PASS" starttime="20200618 20:54:11.129" endtime="20200618 20:54:12.618"></status>
</kw>
<kw name="Input Text" library="SeleniumLibrary">
<doc>Types the given ``text`` into the text field identified by ``locator``.</doc>
<arguments>
<arg>name:id</arg>
<arg>${CUST_SSNID}</arg>
</arguments>
<msg timestamp="20200618 20:54:12.619" level="INFO">Typing text '123456789' into text field 'name:id'.</msg>
<status status="PASS" starttime="20200618 20:54:12.619" endtime="20200618 20:54:13.357"></status>
</kw>
<kw name="Click Element" library="SeleniumLibrary">
<doc>Click the element identified by ``locator``.</doc>
<arguments>
<arg>id:searchBtn</arg>
</arguments>
<msg timestamp="20200618 20:54:13.358" level="INFO">Clicking element 'id:searchBtn'.</msg>
<status status="PASS" starttime="20200618 20:54:13.358" endtime="20200618 20:54:13.955"></status>
</kw>
<kw name="Input Text" library="SeleniumLibrary">
<doc>Types the given ``text`` into the text field identified by ``locator``.</doc>
<arguments>
<arg>name:cust_new_name</arg>
<arg>Sainath</arg>
</arguments>
<msg timestamp="20200618 20:54:13.956" level="INFO">Typing text 'Sainath' into text field 'name:cust_new_name'.</msg>
<status status="PASS" starttime="20200618 20:54:13.956" endtime="20200618 20:54:14.718"></status>
</kw>
<kw name="Execute Javascript" library="SeleniumLibrary">
<doc>Executes the given JavaScript code with possible arguments.</doc>
<arguments>
<arg>window.scrollTo(0,100)</arg>
</arguments>
<msg timestamp="20200618 20:54:14.719" level="INFO">Executing JavaScript:
window.scrollTo(0,100)
Without any arguments.</msg>
<status status="PASS" starttime="20200618 20:54:14.719" endtime="20200618 20:54:14.935"></status>
</kw>
<kw name="Input Text" library="SeleniumLibrary">
<doc>Types the given ``text`` into the text field identified by ``locator``.</doc>
<arguments>
<arg>name:cust_new_age</arg>
<arg>22</arg>
</arguments>
<msg timestamp="20200618 20:54:14.936" level="INFO">Typing text '22' into text field 'name:cust_new_age'.</msg>
<status status="PASS" starttime="20200618 20:54:14.936" endtime="20200618 20:54:15.618"></status>
</kw>
<kw name="Execute Javascript" library="SeleniumLibrary">
<doc>Executes the given JavaScript code with possible arguments.</doc>
<arguments>
<arg>window.scrollTo(0,200)</arg>
</arguments>
<msg timestamp="20200618 20:54:15.619" level="INFO">Executing JavaScript:
window.scrollTo(0,200)
Without any arguments.</msg>
<status status="PASS" starttime="20200618 20:54:15.619" endtime="20200618 20:54:15.825"></status>
</kw>
<kw name="Input Text" library="SeleniumLibrary">
<doc>Types the given ``text`` into the text field identified by ``locator``.</doc>
<arguments>
<arg>name:cust_new_address</arg>
<arg>Hyderabad</arg>
</arguments>
<msg timestamp="20200618 20:54:15.826" level="INFO">Typing text 'Hyderabad' into text field 'name:cust_new_address'.</msg>
<status status="PASS" starttime="20200618 20:54:15.826" endtime="20200618 20:54:16.551"></status>
</kw>
<kw name="Execute Javascript" library="SeleniumLibrary">
<doc>Executes the given JavaScript code with possible arguments.</doc>
<arguments>
<arg>window.scrollTo(0,100)</arg>
</arguments>
<msg timestamp="20200618 20:54:16.552" level="INFO">Executing JavaScript:
window.scrollTo(0,100)
Without any arguments.</msg>
<status status="PASS" starttime="20200618 20:54:16.552" endtime="20200618 20:54:16.758"></status>
</kw>
<kw name="Select From List By Label" library="SeleniumLibrary">
<doc>Selects options from selection list ``locator`` by ``labels``.</doc>
<arguments>
<arg>name:cust_state</arg>
<arg>Andhra Pradesh</arg>
</arguments>
<msg timestamp="20200618 20:54:16.759" level="INFO">Selecting options from selection list 'name:cust_state' by label Andhra Pradesh.</msg>
<status status="PASS" starttime="20200618 20:54:16.759" endtime="20200618 20:54:18.254"></status>
</kw>
<kw name="Select From List By Label" library="SeleniumLibrary">
<doc>Selects options from selection list ``locator`` by ``labels``.</doc>
<arguments>
<arg>name:cust_city</arg>
<arg>Hyderabad</arg>
</arguments>
<msg timestamp="20200618 20:54:18.255" level="INFO">Selecting options from selection list 'name:cust_city' by label Hyderabad.</msg>
<status status="PASS" starttime="20200618 20:54:18.255" endtime="20200618 20:54:19.743"></status>
</kw>
<kw name="Click Button" library="SeleniumLibrary">
<doc>Clicks the button identified by ``locator``.</doc>
<arguments>
<arg>Update</arg>
</arguments>
<msg timestamp="20200618 20:54:19.745" level="INFO">Clicking button 'Update'.</msg>
<status status="PASS" starttime="20200618 20:54:19.745" endtime="20200618 20:54:20.689"></status>
</kw>
<kw name="Title Should Be" library="SeleniumLibrary">
<doc>Verifies that the current page title equals ``title``.</doc>
<arguments>
<arg>Mars | Update Customer</arg>
</arguments>
<msg timestamp="20200618 20:54:20.910" level="INFO">Page title is 'Mars | Update Customer'.</msg>
<status status="PASS" starttime="20200618 20:54:20.690" endtime="20200618 20:54:20.910"></status>
</kw>
<kw name="Click Link" library="SeleniumLibrary">
<doc>Clicks a link identified by ``locator``.</doc>
<arguments>
<arg>Logout</arg>
</arguments>
<msg timestamp="20200618 20:54:20.912" level="INFO">Clicking link 'Logout'.</msg>
<status status="PASS" starttime="20200618 20:54:20.912" endtime="20200618 20:54:21.757"></status>
</kw>
<kw name="Close Browser" library="SeleniumLibrary">
<doc>Closes the current browser.</doc>
<status status="PASS" starttime="20200618 20:54:21.759" endtime="20200618 20:54:24.212"></status>
</kw>
<status status="PASS" starttime="20200618 20:53:50.006" endtime="20200618 20:54:24.213" critical="yes"></status>
</test>
<test id="s1-t3" name="test_account_management">
<kw name="Open Browser" library="SeleniumLibrary">
<doc>Opens a new browser instance to the optional ``url``.</doc>
<arguments>
<arg>${base_url}</arg>
<arg>chrome</arg>
</arguments>
<msg timestamp="20200618 20:54:24.218" level="INFO">Opening browser 'chrome' to base url 'http://127.0.0.1:5000/'.</msg>
<status status="PASS" starttime="20200618 20:54:24.218" endtime="20200618 20:54:29.206"></status>
</kw>
<kw name="Maximize Browser Window" library="SeleniumLibrary">
<doc>Maximizes current browser window.</doc>
<status status="PASS" starttime="20200618 20:54:29.207" endtime="20200618 20:54:31.548"></status>
</kw>
<kw name="CustExecutive Login Page Should Be Open">
<kw name="Title Should Be" library="SeleniumLibrary">
<doc>Verifies that the current page title equals ``title``.</doc>
<arguments>
<arg>Mars | Login</arg>
</arguments>
<msg timestamp="20200618 20:54:31.769" level="INFO">Page title is 'Mars | Login'.</msg>
<status status="PASS" starttime="20200618 20:54:31.549" endtime="20200618 20:54:31.769"></status>
</kw>
<kw name="Input Text" library="SeleniumLibrary">
<doc>Types the given ``text`` into the text field identified by ``locator``.</doc>
<arguments>
<arg>name:username</arg>
<arg>${CUST_EXECUTIVE_USERNAME}</arg>
</arguments>
<msg timestamp="20200618 20:54:31.769" level="INFO">Typing text 'admin123' into text field 'name:username'.</msg>
<status status="PASS" starttime="20200618 20:54:31.769" endtime="20200618 20:54:32.518"></status>
</kw>
<kw name="Input Text" library="SeleniumLibrary">
<doc>Types the given ``text`` into the text field identified by ``locator``.</doc>
<arguments>
<arg>name:password</arg>
<arg>${CUST_EXECUTIVE_PASSWORD}</arg>
</arguments>
<msg timestamp="20200618 20:54:32.518" level="INFO">Typing text 'Admin@1234' into text field 'name:password'.</msg>
<status status="PASS" starttime="20200618 20:54:32.518" endtime="20200618 20:54:33.259"></status>
</kw>
<kw name="Select From List By Value" library="SeleniumLibrary">
<doc>Selects options from selection list ``locator`` by ``values``.</doc>
<arguments>
<arg>name:login_type</arg>
<arg>cust_executive</arg>
</arguments>
<msg timestamp="20200618 20:54:33.259" level="INFO">Selecting options from selection list 'name:login_type' by value cust_executive.</msg>
<status status="PASS" starttime="20200618 20:54:33.259" endtime="20200618 20:54:34.492"></status>
</kw>
<kw name="Click Button" library="SeleniumLibrary">
<doc>Clicks the button identified by ``locator``.</doc>
<arguments>
<arg>Login</arg>
</arguments>
<msg timestamp="20200618 20:54:34.492" level="INFO">Clicking button 'Login'.</msg>
<status status="PASS" starttime="20200618 20:54:34.492" endtime="20200618 20:54:37.033"></status>
</kw>
<kw name="Title Should Be" library="SeleniumLibrary">
<doc>Verifies that the current page title equals ``title``.</doc>
<arguments>
<arg>Mars | Home</arg>
</arguments>
<msg timestamp="20200618 20:54:37.240" level="INFO">Page title is 'Mars | Home'.</msg>
<status status="PASS" starttime="20200618 20:54:37.033" endtime="20200618 20:54:37.240"></status>
</kw>
<status status="PASS" starttime="20200618 20:54:31.549" endtime="20200618 20:54:37.240"></status>
</kw>
<kw name="Click Element" library="SeleniumLibrary">
<doc>Click the element identified by ``locator``.</doc>
<arguments>
<arg>//*[contains(text(),'Account Management')]</arg>
</arguments>
<msg timestamp="20200618 20:54:37.242" level="INFO">Clicking element '//*[contains(text(),'Account Management')]'.</msg>
<status status="PASS" starttime="20200618 20:54:37.240" endtime="20200618 20:54:37.721"></status>
</kw>
<kw name="Click Link" library="SeleniumLibrary">
<doc>Clicks a link identified by ``locator``.</doc>
<arguments>
<arg>Create Account</arg>
</arguments>
<msg timestamp="20200618 20:54:37.722" level="INFO">Clicking link 'Create Account'.</msg>
<status status="PASS" starttime="20200618 20:54:37.721" endtime="20200618 20:54:38.606"></status>
</kw>
<kw name="Title Should Be" library="SeleniumLibrary">
<doc>Verifies that the current page title equals ``title``.</doc>
<arguments>
<arg>Mars | Create Account</arg>
</arguments>
<msg timestamp="20200618 20:54:38.821" level="INFO">Page title is 'Mars | Create Account'.</msg>
<status status="PASS" starttime="20200618 20:54:38.606" endtime="20200618 20:54:38.821"></status>
</kw>
<kw name="Input Text" library="SeleniumLibrary">
<doc>Types the given ``text`` into the text field identified by ``locator``.</doc>
<arguments>
<arg>name:cust_id</arg>
<arg>${CUST_ID}</arg>
</arguments>
<msg timestamp="20200618 20:54:38.822" level="INFO">Typing text '100000004' into text field 'name:cust_id'.</msg>
<status status="PASS" starttime="20200618 20:54:38.822" endtime="20200618 20:54:39.565"></status>
</kw>
<kw name="Select From List By Value" library="SeleniumLibrary">
<doc>Selects options from selection list ``locator`` by ``values``.</doc>
<arguments>
<arg>name:account_type</arg>
<arg>savings</arg>
</arguments>
<msg timestamp="20200618 20:54:39.566" level="INFO">Selecting options from selection list 'name:account_type' by value savings.</msg>
<status status="PASS" starttime="20200618 20:54:39.565" endtime="20200618 20:54:41.037"></status>
</kw>
<kw name="Input Text" library="SeleniumLibrary">
<doc>Types the given ``text`` into the text field identified by ``locator``.</doc>
<arguments>
<arg>name:deposit_amt</arg>
<arg>10000</arg>
</arguments>
<msg timestamp="20200618 20:54:41.038" level="INFO">Typing text '10000' into text field 'name:deposit_amt'.</msg>
<status status="PASS" starttime="20200618 20:54:41.038" endtime="20200618 20:54:41.756"></status>
</kw>
<kw name="Click Button" library="SeleniumLibrary">
<doc>Clicks the button identified by ``locator``.</doc>
<arguments>
<arg>Create</arg>
</arguments>
<msg timestamp="20200618 20:54:41.757" level="INFO">Clicking button 'Create'.</msg>
<status status="PASS" starttime="20200618 20:54:41.757" endtime="20200618 20:54:43.182"></status>
</kw>
<kw name="Set Selenium Speed" library="SeleniumLibrary">
<doc>Sets the delay that is waited after each Selenium command.</doc>
<arguments>
<arg>0.2 seconds</arg>
</arguments>
<status status="PASS" starttime="20200618 20:54:43.183" endtime="20200618 20:54:43.183"></status>
</kw>
<kw name="Click Element" library="SeleniumLibrary">
<doc>Click the element identified by ``locator``.</doc>
<arguments>
<arg>//*[contains(text(),'Account Management')]</arg>
</arguments>
<msg timestamp="20200618 20:54:43.184" level="INFO">Clicking element '//*[contains(text(),'Account Management')]'.</msg>
<status status="PASS" starttime="20200618 20:54:43.184" endtime="20200618 20:54:43.640"></status>
</kw>
<kw name="Click Link" library="SeleniumLibrary">
<doc>Clicks a link identified by ``locator``.</doc>
<arguments>
<arg>Create Account</arg>
</arguments>
<msg timestamp="20200618 20:54:43.641" level="INFO">Clicking link 'Create Account'.</msg>
<status status="PASS" starttime="20200618 20:54:43.641" endtime="20200618 20:54:44.450"></status>
</kw>
<kw name="Title Should Be" library="SeleniumLibrary">
<doc>Verifies that the current page title equals ``title``.</doc>
<arguments>
<arg>Mars | Create Account</arg>
</arguments>
<msg timestamp="20200618 20:54:44.661" level="INFO">Page title is 'Mars | Create Account'.</msg>
<status status="PASS" starttime="20200618 20:54:44.451" endtime="20200618 20:54:44.661"></status>
</kw>
<kw name="Input Text" library="SeleniumLibrary">
<doc>Types the given ``text`` into the text field identified by ``locator``.</doc>
<arguments>
<arg>name:cust_id</arg>
<arg>${CUST_ID}</arg>
</arguments>
<msg timestamp="20200618 20:54:44.662" level="INFO">Typing text '100000004' into text field 'name:cust_id'.</msg>
<status status="PASS" starttime="20200618 20:54:44.662" endtime="20200618 20:54:45.404"></status>
</kw>
<kw name="Select From List By Value" library="SeleniumLibrary">
<doc>Selects options from selection list ``locator`` by ``values``.</doc>
<arguments>
<arg>name:account_type</arg>
<arg>current</arg>
</arguments>
<msg timestamp="20200618 20:54:45.405" level="INFO">Selecting options from selection list 'name:account_type' by value current.</msg>
<status status="PASS" starttime="20200618 20:54:45.405" endtime="20200618 20:54:46.872"></status>
</kw>
<kw name="Input Text" library="SeleniumLibrary">
<doc>Types the given ``text`` into the text field identified by ``locator``.</doc>
<arguments>
<arg>name:deposit_amt</arg>
<arg>5000</arg>
</arguments>
<msg timestamp="20200618 20:54:46.873" level="INFO">Typing text '5000' into text field 'name:deposit_amt'.</msg>
<status status="PASS" starttime="20200618 20:54:46.873" endtime="20200618 20:54:47.588"></status>
</kw>
<kw name="Click Button" library="SeleniumLibrary">
<doc>Clicks the button identified by ``locator``.</doc>
<arguments>
<arg>Create</arg>
</arguments>
<msg timestamp="20200618 20:54:47.589" level="INFO">Clicking button 'Create'.</msg>
<status status="PASS" starttime="20200618 20:54:47.589" endtime="20200618 20:54:48.787"></status>
</kw>
<kw name="Title Should Be" library="SeleniumLibrary">
<doc>Verifies that the current page title equals ``title``.</doc>
<arguments>
<arg>Mars | Create Account</arg>
</arguments>
<msg timestamp="20200618 20:54:48.995" level="INFO">Page title is 'Mars | Create Account'.</msg>
<status status="PASS" starttime="20200618 20:54:48.788" endtime="20200618 20:54:48.995"></status>
</kw>
<kw name="Click Link" library="SeleniumLibrary">
<doc>Clicks a link identified by ``locator``.</doc>
<arguments>
<arg>Logout</arg>
</arguments>
<msg timestamp="20200618 20:54:49.002" level="INFO">Clicking link 'Logout'.</msg>
<status status="PASS" starttime="20200618 20:54:49.002" endtime="20200618 20:54:49.877"></status>
</kw>
<kw name="Title Should Be" library="SeleniumLibrary">
<doc>Verifies that the current page title equals ``title``.</doc>
<arguments>
<arg>Mars | Login</arg>
</arguments>
<msg timestamp="20200618 20:54:50.089" level="INFO">Page title is 'Mars | Login'.</msg>
<status status="PASS" starttime="20200618 20:54:49.878" endtime="20200618 20:54:50.089"></status>
</kw>
<kw name="Close Browser" library="SeleniumLibrary">
<doc>Closes the current browser.</doc>
<status status="PASS" starttime="20200618 20:54:50.091" endtime="20200618 20:54:52.398"></status>
</kw>
<status status="PASS" starttime="20200618 20:54:24.217" endtime="20200618 20:54:52.399" critical="yes"></status>
</test>
<test id="s1-t4" name="test_customer_and_account_status">
<kw name="Open Browser" library="SeleniumLibrary">
<doc>Opens a new browser instance to the optional ``url``.</doc>
<arguments>
<arg>${base_url}</arg>
<arg>chrome</arg>
</arguments>
<msg timestamp="20200618 20:54:52.404" level="INFO">Opening browser 'chrome' to base url 'http://127.0.0.1:5000/'.</msg>
<status status="PASS" starttime="20200618 20:54:52.404" endtime="20200618 20:54:57.500"></status>
</kw>
<kw name="Maximize Browser Window" library="SeleniumLibrary">
<doc>Maximizes current browser window.</doc>
<status status="PASS" starttime="20200618 20:54:57.502" endtime="20200618 20:54:59.860"></status>
</kw>
<kw name="CustExecutive Login Page Should Be Open">
<kw name="Title Should Be" library="SeleniumLibrary">
<doc>Verifies that the current page title equals ``title``.</doc>
<arguments>
<arg>Mars | Login</arg>
</arguments>
<msg timestamp="20200618 20:55:00.070" level="INFO">Page title is 'Mars | Login'.</msg>
<status status="PASS" starttime="20200618 20:54:59.861" endtime="20200618 20:55:00.070"></status>
</kw>
<kw name="Input Text" library="SeleniumLibrary">
<doc>Types the given ``text`` into the text field identified by ``locator``.</doc>
<arguments>
<arg>name:username</arg>
<arg>${CUST_EXECUTIVE_USERNAME}</arg>
</arguments>
<msg timestamp="20200618 20:55:00.070" level="INFO">Typing text 'admin123' into text field 'name:username'.</msg>
<status status="PASS" starttime="20200618 20:55:00.070" endtime="20200618 20:55:00.797"></status>
</kw>
<kw name="Input Text" library="SeleniumLibrary">
<doc>Types the given ``text`` into the text field identified by ``locator``.</doc>
<arguments>
<arg>name:password</arg>
<arg>${CUST_EXECUTIVE_PASSWORD}</arg>
</arguments>
<msg timestamp="20200618 20:55:00.797" level="INFO">Typing text 'Admin@1234' into text field 'name:password'.</msg>
<status status="PASS" starttime="20200618 20:55:00.797" endtime="20200618 20:55:01.591"></status>
</kw>
<kw name="Select From List By Value" library="SeleniumLibrary">
<doc>Selects options from selection list ``locator`` by ``values``.</doc>
<arguments>
<arg>name:login_type</arg>
<arg>cust_executive</arg>
</arguments>
<msg timestamp="20200618 20:55:01.591" level="INFO">Selecting options from selection list 'name:login_type' by value cust_executive.</msg>
<status status="PASS" starttime="20200618 20:55:01.591" endtime="20200618 20:55:02.818"></status>
</kw>
<kw name="Click Button" library="SeleniumLibrary">
<doc>Clicks the button identified by ``locator``.</doc>
<arguments>
<arg>Login</arg>
</arguments>
<msg timestamp="20200618 20:55:02.818" level="INFO">Clicking button 'Login'.</msg>
<status status="PASS" starttime="20200618 20:55:02.818" endtime="20200618 20:55:05.202"></status>
</kw>
<kw name="Title Should Be" library="SeleniumLibrary">
<doc>Verifies that the current page title equals ``title``.</doc>
<arguments>
<arg>Mars | Home</arg>
</arguments>
<msg timestamp="20200618 20:55:05.407" level="INFO">Page title is 'Mars | Home'.</msg>
<status status="PASS" starttime="20200618 20:55:05.202" endtime="20200618 20:55:05.407"></status>
</kw>
<status status="PASS" starttime="20200618 20:54:59.860" endtime="20200618 20:55:05.407"></status>
</kw>
<kw name="Click Element" library="SeleniumLibrary">
<doc>Click the element identified by ``locator``.</doc>
<arguments>
<arg>//*[contains(text(),'Status Details')]</arg>
</arguments>
<msg timestamp="20200618 20:55:05.409" level="INFO">Clicking element '//*[contains(text(),'Status Details')]'.</msg>
<status status="PASS" starttime="20200618 20:55:05.409" endtime="20200618 20:55:05.888"></status>
</kw>
<kw name="Click Link" library="SeleniumLibrary">
<doc>Clicks a link identified by ``locator``.</doc>
<arguments>
<arg>Customer Status</arg>
</arguments>
<msg timestamp="20200618 20:55:05.889" level="INFO">Clicking link 'Customer Status'.</msg>
<status status="PASS" starttime="20200618 20:55:05.889" endtime="20200618 20:55:06.791"></status>
</kw>
<kw name="Title Should Be" library="SeleniumLibrary">
<doc>Verifies that the current page title equals ``title``.</doc>
<arguments>
<arg>Mars | Customer Status</arg>
</arguments>
<msg timestamp="20200618 20:55:07.005" level="INFO">Page title is 'Mars | Customer Status'.</msg>
<status status="PASS" starttime="20200618 20:55:06.792" endtime="20200618 20:55:07.005"></status>
</kw>
<kw name="Click Link" library="SeleniumLibrary">
<doc>Clicks a link identified by ``locator``.</doc>
<arguments>
<arg>Refresh</arg>
</arguments>
<msg timestamp="20200618 20:55:07.006" level="INFO">Clicking link 'Refresh'.</msg>
<status status="PASS" starttime="20200618 20:55:07.006" endtime="20200618 20:55:07.779"></status>
</kw>
<kw name="Click Button" library="SeleniumLibrary">
<doc>Clicks the button identified by ``locator``.</doc>
<arguments>
<arg>View</arg>
</arguments>
<msg timestamp="20200618 20:55:07.781" level="INFO">Clicking button 'View'.</msg>
<status status="PASS" starttime="20200618 20:55:07.780" endtime="20200618 20:55:08.575"></status>
</kw>
<kw name="Title Should Be" library="SeleniumLibrary">
<doc>Verifies that the current page title equals ``title``.</doc>
<arguments>
<arg>Mars | View Customer</arg>
</arguments>
<msg timestamp="20200618 20:55:08.794" level="INFO">Page title is 'Mars | View Customer'.</msg>
<status status="PASS" starttime="20200618 20:55:08.575" endtime="20200618 20:55:08.794"></status>
</kw>
<kw name="Click Link" library="SeleniumLibrary">
<doc>Clicks a link identified by ``locator``.</doc>
<arguments>
<arg>Back</arg>
</arguments>
<msg timestamp="20200618 20:55:08.795" level="INFO">Clicking link 'Back'.</msg>
<status status="PASS" starttime="20200618 20:55:08.795" endtime="20200618 20:55:09.584"></status>
</kw>
<kw name="Title Should Be" library="SeleniumLibrary">
<doc>Verifies that the current page title equals ``title``.</doc>
<arguments>
<arg>Mars | Customer Status</arg>
</arguments>
<msg timestamp="20200618 20:55:09.792" level="INFO">Page title is 'Mars | Customer Status'.</msg>
<status status="PASS" starttime="20200618 20:55:09.585" endtime="20200618 20:55:09.792"></status>
</kw>
<kw name="Click Element" library="SeleniumLibrary">
<doc>Click the element identified by ``locator``.</doc>
<arguments>
<arg>//*[contains(text(),'Status Details')]</arg>
</arguments>
<msg timestamp="20200618 20:55:09.793" level="INFO">Clicking element '//*[contains(text(),'Status Details')]'.</msg>
<status status="PASS" starttime="20200618 20:55:09.793" endtime="20200618 20:55:10.250"></status>
</kw>
<kw name="Click Link" library="SeleniumLibrary">
<doc>Clicks a link identified by ``locator``.</doc>
<arguments>
<arg>Account Status</arg>
</arguments>
<msg timestamp="20200618 20:55:10.251" level="INFO">Clicking link 'Account Status'.</msg>
<status status="PASS" starttime="20200618 20:55:10.251" endtime="20200618 20:55:11.055"></status>
</kw>
<kw name="Click Link" library="SeleniumLibrary">
<doc>Clicks a link identified by ``locator``.</doc>
<arguments>
<arg>Refresh</arg>
</arguments>
<msg timestamp="20200618 20:55:11.056" level="INFO">Clicking link 'Refresh'.</msg>
<status status="PASS" starttime="20200618 20:55:11.056" endtime="20200618 20:55:11.876"></status>
</kw>
<kw name="Click Link" library="SeleniumLibrary">
<doc>Clicks a link identified by ``locator``.</doc>
<arguments>
<arg>Logout</arg>
</arguments>
<msg timestamp="20200618 20:55:11.877" level="INFO">Clicking link 'Logout'.</msg>
<status status="PASS" starttime="20200618 20:55:11.877" endtime="20200618 20:55:12.721"></status>
</kw>
<kw name="Title Should Be" library="SeleniumLibrary">
<doc>Verifies that the current page title equals ``title``.</doc>
<arguments>
<arg>Mars | Login</arg>
</arguments>
<msg timestamp="20200618 20:55:12.958" level="INFO">Page title is 'Mars | Login'.</msg>
<status status="PASS" starttime="20200618 20:55:12.722" endtime="20200618 20:55:12.958"></status>
</kw>
<kw name="Close Browser" library="SeleniumLibrary">
<doc>Closes the current browser.</doc>
<status status="PASS" starttime="20200618 20:55:12.958" endtime="20200618 20:55:15.250"></status>
</kw>
<status status="PASS" starttime="20200618 20:54:52.402" endtime="20200618 20:55:15.251" critical="yes"></status>
</test>
<test id="s1-t5" name="test_customer_and_account_search">
<kw name="Open Browser" library="SeleniumLibrary">
<doc>Opens a new browser instance to the optional ``url``.</doc>
<arguments>
<arg>${base_url}</arg>
<arg>chrome</arg>
</arguments>
<msg timestamp="20200618 20:55:15.255" level="INFO">Opening browser 'chrome' to base url 'http://127.0.0.1:5000/'.</msg>
<status status="PASS" starttime="20200618 20:55:15.254" endtime="20200618 20:55:20.039"></status>
</kw>
<kw name="Maximize Browser Window" library="SeleniumLibrary">
<doc>Maximizes current browser window.</doc>
<status status="PASS" starttime="20200618 20:55:20.040" endtime="20200618 20:55:22.386"></status>
</kw>
<kw name="CustExecutive Login Page Should Be Open">
<kw name="Title Should Be" library="SeleniumLibrary">
<doc>Verifies that the current page title equals ``title``.</doc>
<arguments>
<arg>Mars | Login</arg>
</arguments>
<msg timestamp="20200618 20:55:22.596" level="INFO">Page title is 'Mars | Login'.</msg>
<status status="PASS" starttime="20200618 20:55:22.387" endtime="20200618 20:55:22.596"></status>
</kw>
<kw name="Input Text" library="SeleniumLibrary">
<doc>Types the given ``text`` into the text field identified by ``locator``.</doc>
<arguments>
<arg>name:username</arg>
<arg>${CUST_EXECUTIVE_USERNAME}</arg>
</arguments>
<msg timestamp="20200618 20:55:22.596" level="INFO">Typing text 'admin123' into text field 'name:username'.</msg>
<status status="PASS" starttime="20200618 20:55:22.596" endtime="20200618 20:55:23.313"></status>
</kw>
<kw name="Input Text" library="SeleniumLibrary">
<doc>Types the given ``text`` into the text field identified by ``locator``.</doc>
<arguments>
<arg>name:password</arg>
<arg>${CUST_EXECUTIVE_PASSWORD}</arg>
</arguments>
<msg timestamp="20200618 20:55:23.313" level="INFO">Typing text 'Admin@1234' into text field 'name:password'.</msg>
<status status="PASS" starttime="20200618 20:55:23.313" endtime="20200618 20:55:24.060"></status>
</kw>
<kw name="Select From List By Value" library="SeleniumLibrary">
<doc>Selects options from selection list ``locator`` by ``values``.</doc>
<arguments>
<arg>name:login_type</arg>
<arg>cust_executive</arg>
</arguments>
<msg timestamp="20200618 20:55:24.060" level="INFO">Selecting options from selection list 'name:login_type' by value cust_executive.</msg>
<status status="PASS" starttime="20200618 20:55:24.060" endtime="20200618 20:55:25.301"></status>
</kw>
<kw name="Click Button" library="SeleniumLibrary">
<doc>Clicks the button identified by ``locator``.</doc>
<arguments>
<arg>Login</arg>
</arguments>
<msg timestamp="20200618 20:55:25.301" level="INFO">Clicking button 'Login'.</msg>
<status status="PASS" starttime="20200618 20:55:25.301" endtime="20200618 20:55:27.935"></status>
</kw>
<kw name="Title Should Be" library="SeleniumLibrary">
<doc>Verifies that the current page title equals ``title``.</doc>
<arguments>
<arg>Mars | Home</arg>
</arguments>
<msg timestamp="20200618 20:55:28.140" level="INFO">Page title is 'Mars | Home'.</msg>
<status status="PASS" starttime="20200618 20:55:27.935" endtime="20200618 20:55:28.140"></status>
</kw>
<status status="PASS" starttime="20200618 20:55:22.387" endtime="20200618 20:55:28.140"></status>
</kw>
<kw name="Click Element" library="SeleniumLibrary">
<doc>Click the element identified by ``locator``.</doc>
<arguments>
<arg>//*[contains(text(),'Search')]</arg>
</arguments>
<msg timestamp="20200618 20:55:28.141" level="INFO">Clicking element '//*[contains(text(),'Search')]'.</msg>
<status status="PASS" starttime="20200618 20:55:28.141" endtime="20200618 20:55:28.620"></status>
</kw>
<kw name="Click Link" library="SeleniumLibrary">
<doc>Clicks a link identified by ``locator``.</doc>
<arguments>
<arg>Search Customer</arg>
</arguments>
<msg timestamp="20200618 20:55:28.621" level="INFO">Clicking link 'Search Customer'.</msg>
<status status="PASS" starttime="20200618 20:55:28.621" endtime="20200618 20:55:29.488"></status>
</kw>
<kw name="Title Should Be" library="SeleniumLibrary">
<doc>Verifies that the current page title equals ``title``.</doc>
<arguments>
<arg>Mars | Search Customer</arg>
</arguments>
<msg timestamp="20200618 20:55:29.705" level="INFO">Page title is 'Mars | Search Customer'.</msg>
<status status="PASS" starttime="20200618 20:55:29.489" endtime="20200618 20:55:29.705"></status>
</kw>
<kw name="Select From List By Value" library="SeleniumLibrary">
<doc>Selects options from selection list ``locator`` by ``values``.</doc>
<arguments>
<arg>name:input_type</arg>
<arg>ssn_id</arg>
</arguments>
<msg timestamp="20200618 20:55:29.706" level="INFO">Selecting options from selection list 'name:input_type' by value ssn_id.</msg>
<status status="PASS" starttime="20200618 20:55:29.706" endtime="20200618 20:55:31.171"></status>
</kw>
<kw name="Input Text" library="SeleniumLibrary">
<doc>Types the given ``text`` into the text field identified by ``locator``.</doc>
<arguments>
<arg>name:id</arg>
<arg>${CUST_SSNID}</arg>
</arguments>
<msg timestamp="20200618 20:55:31.172" level="INFO">Typing text '123456789' into text field 'name:id'.</msg>
<status status="PASS" starttime="20200618 20:55:31.172" endtime="20200618 20:55:31.909"></status>
</kw>
<kw name="Click Element" library="SeleniumLibrary">
<doc>Click the element identified by ``locator``.</doc>
<arguments>
<arg>id:searchBtn</arg>
</arguments>
<msg timestamp="20200618 20:55:31.910" level="INFO">Clicking element 'id:searchBtn'.</msg>
<status status="PASS" starttime="20200618 20:55:31.910" endtime="20200618 20:55:32.494"></status>
</kw>
<kw name="Title Should Be" library="SeleniumLibrary">
<doc>Verifies that the current page title equals ``title``.</doc>
<arguments>
<arg>Mars | Search Customer</arg>
</arguments>
<msg timestamp="20200618 20:55:32.712" level="INFO">Page title is 'Mars | Search Customer'.</msg>
<status status="PASS" starttime="20200618 20:55:32.495" endtime="20200618 20:55:32.712"></status>
</kw>
<kw name="Go To" library="SeleniumLibrary">
<doc>Navigates the current browser window to the provided ``url``.</doc>
<arguments>
<arg>http://127.0.0.1:5000/customer_search</arg>
</arguments>
<msg timestamp="20200618 20:55:32.713" level="INFO">Opening url 'http://127.0.0.1:5000/customer_search'</msg>
<status status="PASS" starttime="20200618 20:55:32.713" endtime="20200618 20:55:33.003"></status>
</kw>
<kw name="Title Should Be" library="SeleniumLibrary">
<doc>Verifies that the current page title equals ``title``.</doc>
<arguments>
<arg>Mars | Search Customer</arg>
</arguments>
<msg timestamp="20200618 20:55:33.210" level="INFO">Page title is 'Mars | Search Customer'.</msg>
<status status="PASS" starttime="20200618 20:55:33.004" endtime="20200618 20:55:33.210"></status>
</kw>
<kw name="Select From List By Value" library="SeleniumLibrary">
<doc>Selects options from selection list ``locator`` by ``values``.</doc>
<arguments>
<arg>name:input_type</arg>
<arg>cust_id</arg>
</arguments>
<msg timestamp="20200618 20:55:33.211" level="INFO">Selecting options from selection list 'name:input_type' by value cust_id.</msg>
<status status="PASS" starttime="20200618 20:55:33.211" endtime="20200618 20:55:34.454"></status>
</kw>
<kw name="Input Text" library="SeleniumLibrary">
<doc>Types the given ``text`` into the text field identified by ``locator``.</doc>
<arguments>
<arg>name:id</arg>
<arg>${CUST_ID}</arg>
</arguments>
<msg timestamp="20200618 20:55:34.456" level="INFO">Typing text '100000004' into text field 'name:id'.</msg>
<status status="PASS" starttime="20200618 20:55:34.456" endtime="20200618 20:55:35.208"></status>
</kw>
<kw name="Click Element" library="SeleniumLibrary">
<doc>Click the element identified by ``locator``.</doc>
<arguments>
<arg>id:searchBtn</arg>
</arguments>
<msg timestamp="20200618 20:55:35.209" level="INFO">Clicking element 'id:searchBtn'.</msg>
<status status="PASS" starttime="20200618 20:55:35.209" endtime="20200618 20:55:35.757"></status>
</kw>
<kw name="Title Should Be" library="SeleniumLibrary">
<doc>Verifies that the current page title equals ``title``.</doc>
<arguments>
<arg>Mars | Search Customer</arg>
</arguments>
<msg timestamp="20200618 20:55:35.978" level="INFO">Page title is 'Mars | Search Customer'.</msg>
<status status="PASS" starttime="20200618 20:55:35.758" endtime="20200618 20:55:35.978"></status>
</kw>
<kw name="Go To" library="SeleniumLibrary">
<doc>Navigates the current browser window to the provided ``url``.</doc>
<arguments>
<arg>http://127.0.0.1:5000/account_search/</arg>
</arguments>
<msg timestamp="20200618 20:55:35.979" level="INFO">Opening url 'http://127.0.0.1:5000/account_search/'</msg>
<status status="PASS" starttime="20200618 20:55:35.979" endtime="20200618 20:55:36.269"></status>
</kw>
<kw name="Title Should Be" library="SeleniumLibrary">
<doc>Verifies that the current page title equals ``title``.</doc>
<arguments>
<arg>Mars | Search Account</arg>
</arguments>
<msg timestamp="20200618 20:55:36.475" level="INFO">Page title is 'Mars | Search Account'.</msg>
<status status="PASS" starttime="20200618 20:55:36.270" endtime="20200618 20:55:36.475"></status>
</kw>
<kw name="Select From List By Value" library="SeleniumLibrary">
<doc>Selects options from selection list ``locator`` by ``values``.</doc>
<arguments>
<arg>name:input_type</arg>
<arg>cust_id</arg>
</arguments>
<msg timestamp="20200618 20:55:36.476" level="INFO">Selecting options from selection list 'name:input_type' by value cust_id.</msg>
<status status="PASS" starttime="20200618 20:55:36.476" endtime="20200618 20:55:37.735"></status>
</kw>
<kw name="Input Text" library="SeleniumLibrary">
<doc>Types the given ``text`` into the text field identified by ``locator``.</doc>
<arguments>
<arg>name:id</arg>
<arg>${CUST_ID}</arg>
</arguments>
<msg timestamp="20200618 20:55:37.736" level="INFO">Typing text '100000004' into text field 'name:id'.</msg>
<status status="PASS" starttime="20200618 20:55:37.736" endtime="20200618 20:55:38.476"></status>
</kw>
<kw name="Click Element" library="SeleniumLibrary">
<doc>Click the element identified by ``locator``.</doc>
<arguments>
<arg>id:searchBtn</arg>
</arguments>
<msg timestamp="20200618 20:55:38.477" level="INFO">Clicking element 'id:searchBtn'.</msg>
<status status="PASS" starttime="20200618 20:55:38.477" endtime="20200618 20:55:39.020"></status>
</kw>
<kw name="Title Should Be" library="SeleniumLibrary">
<doc>Verifies that the current page title equals ``title``.</doc>
<arguments>
<arg>Mars | Search Account</arg>
</arguments>
<msg timestamp="20200618 20:55:39.229" level="INFO">Page title is 'Mars | Search Account'.</msg>
<status status="PASS" starttime="20200618 20:55:39.021" endtime="20200618 20:55:39.229"></status>
</kw>
<kw name="Go To" library="SeleniumLibrary">
<doc>Navigates the current browser window to the provided ``url``.</doc>
<arguments>
<arg>http://127.0.0.1:5000/account_search/</arg>
</arguments>
<msg timestamp="20200618 20:55:39.230" level="INFO">Opening url 'http://127.0.0.1:5000/account_search/'</msg>
<status status="PASS" starttime="20200618 20:55:39.230" endtime="20200618 20:55:39.512"></status>
</kw>
<kw name="Title Should Be" library="SeleniumLibrary">
<doc>Verifies that the current page title equals ``title``.</doc>
<arguments>
<arg>Mars | Search Account</arg>
</arguments>
<msg timestamp="20200618 20:55:39.719" level="INFO">Page title is 'Mars | Search Account'.</msg>
<status status="PASS" starttime="20200618 20:55:39.513" endtime="20200618 20:55:39.719"></status>
</kw>
<kw name="Select From List By Value" library="SeleniumLibrary">
<doc>Selects options from selection list ``locator`` by ``values``.</doc>
<arguments>
<arg>name:input_type</arg>
<arg>acc_id</arg>
</arguments>
<msg timestamp="20200618 20:55:39.720" level="INFO">Selecting options from selection list 'name:input_type' by value acc_id.</msg>
<status status="PASS" starttime="20200618 20:55:39.720" endtime="20200618 20:55:41.187"></status>
</kw>
<kw name="Input Text" library="SeleniumLibrary">
<doc>Types the given ``text`` into the text field identified by ``locator``.</doc>
<arguments>
<arg>name:id</arg>
<arg>300000003</arg>
</arguments>
<msg timestamp="20200618 20:55:41.188" level="INFO">Typing text '300000003' into text field 'name:id'.</msg>
<status status="PASS" starttime="20200618 20:55:41.188" endtime="20200618 20:55:42.026"></status>
</kw>
<kw name="Click Element" library="SeleniumLibrary">
<doc>Click the element identified by ``locator``.</doc>
<arguments>
<arg>id:searchBtn</arg>
</arguments>
<msg timestamp="20200618 20:55:42.027" level="INFO">Clicking element 'id:searchBtn'.</msg>
<status status="PASS" starttime="20200618 20:55:42.027" endtime="20200618 20:55:42.595"></status>
</kw>
<kw name="Title Should Be" library="SeleniumLibrary">
<doc>Verifies that the current page title equals ``title``.</doc>
<arguments>
<arg>Mars | Search Account</arg>
</arguments>
<msg timestamp="20200618 20:55:42.802" level="INFO">Page title is 'Mars | Search Account'.</msg>
<status status="PASS" starttime="20200618 20:55:42.596" endtime="20200618 20:55:42.802"></status>
</kw>
<kw name="Click Link" library="SeleniumLibrary">
<doc>Clicks a link identified by ``locator``.</doc>
<arguments>
<arg>Logout</arg>
</arguments>
<msg timestamp="20200618 20:55:42.803" level="INFO">Clicking link 'Logout'.</msg>
<status status="PASS" starttime="20200618 20:55:42.803" endtime="20200618 20:55:43.672"></status>
</kw>
<kw name="Title Should Be" library="SeleniumLibrary">
<doc>Verifies that the current page title equals ``title``.</doc>
<arguments>
<arg>Mars | Login</arg>
</arguments>
<msg timestamp="20200618 20:55:43.888" level="INFO">Page title is 'Mars | Login'.</msg>
<status status="PASS" starttime="20200618 20:55:43.673" endtime="20200618 20:55:43.888"></status>
</kw>
<kw name="Close Browser" library="SeleniumLibrary">
<doc>Closes the current browser.</doc>
<status status="PASS" starttime="20200618 20:55:43.889" endtime="20200618 20:55:46.161"></status>
</kw>
<status status="PASS" starttime="20200618 20:55:15.253" endtime="20200618 20:55:46.162" critical="yes"></status>
</test>
<test id="s1-t6" name="test_cashier_login">
<kw name="Open Browser" library="SeleniumLibrary">
<doc>Opens a new browser instance to the optional ``url``.</doc>
<arguments>
<arg>${base_url}</arg>
<arg>chrome</arg>
</arguments>
<msg timestamp="20200618 20:55:46.166" level="INFO">Opening browser 'chrome' to base url 'http://127.0.0.1:5000/'.</msg>
<status status="PASS" starttime="20200618 20:55:46.165" endtime="20200618 20:55:51.096"></status>
</kw>
<kw name="Maximize Browser Window" library="SeleniumLibrary">
<doc>Maximizes current browser window.</doc>
<status status="PASS" starttime="20200618 20:55:51.097" endtime="20200618 20:55:53.458"></status>
</kw>
<kw name="Cashier Login Page Should Be Open">
<kw name="Title Should Be" library="SeleniumLibrary">
<doc>Verifies that the current page title equals ``title``.</doc>
<arguments>
<arg>Mars | Login</arg>
</arguments>
<msg timestamp="20200618 20:55:53.680" level="INFO">Page title is 'Mars | Login'.</msg>
<status status="PASS" starttime="20200618 20:55:53.458" endtime="20200618 20:55:53.680"></status>
</kw>
<kw name="Input Text" library="SeleniumLibrary">
<doc>Types the given ``text`` into the text field identified by ``locator``.</doc>
<arguments>
<arg>name:username</arg>
<arg>${CASHIER_USERNAME}</arg>
</arguments>
<msg timestamp="20200618 20:55:53.680" level="INFO">Typing text 'admin1234' into text field 'name:username'.</msg>
<status status="PASS" starttime="20200618 20:55:53.680" endtime="20200618 20:55:54.404"></status>
</kw>
<kw name="Input Text" library="SeleniumLibrary">
<doc>Types the given ``text`` into the text field identified by ``locator``.</doc>
<arguments>
<arg>name:password</arg>
<arg>${CASHIER_PASSWORD}</arg>
</arguments>
<msg timestamp="20200618 20:55:54.404" level="INFO">Typing text 'Admin@1234' into text field 'name:password'.</msg>
<status status="PASS" starttime="20200618 20:55:54.404" endtime="20200618 20:55:55.142"></status>
</kw>
<kw name="Select From List By Value" library="SeleniumLibrary">
<doc>Selects options from selection list ``locator`` by ``values``.</doc>
<arguments>
<arg>name:login_type</arg>
<arg>cashier</arg>
</arguments>
<msg timestamp="20200618 20:55:55.142" level="INFO">Selecting options from selection list 'name:login_type' by value cashier.</msg>
<status status="PASS" starttime="20200618 20:55:55.142" endtime="20200618 20:55:56.616"></status>
</kw>
<kw name="Click Button" library="SeleniumLibrary">
<doc>Clicks the button identified by ``locator``.</doc>
<arguments>
<arg>Login</arg>
</arguments>
<msg timestamp="20200618 20:55:56.616" level="INFO">Clicking button 'Login'.</msg>
<status status="PASS" starttime="20200618 20:55:56.616" endtime="20200618 20:55:57.971"></status>
</kw>
<kw name="Title Should Be" library="SeleniumLibrary">
<doc>Verifies that the current page title equals ``title``.</doc>
<arguments>
<arg>Mars | Home</arg>
</arguments>
<msg timestamp="20200618 20:55:58.177" level="INFO">Page title is 'Mars | Home'.</msg>
<status status="PASS" starttime="20200618 20:55:57.971" endtime="20200618 20:55:58.177"></status>
</kw>
<status status="PASS" starttime="20200618 20:55:53.458" endtime="20200618 20:55:58.177"></status>
</kw>
<kw name="Click Link" library="SeleniumLibrary">
<doc>Clicks a link identified by ``locator``.</doc>
<arguments>
<arg>Logout</arg>
</arguments>
<msg timestamp="20200618 20:55:58.178" level="INFO">Clicking link 'Logout'.</msg>
<status status="PASS" starttime="20200618 20:55:58.178" endtime="20200618 20:55:59.002"></status>
</kw>
<kw name="Close Browser" library="SeleniumLibrary">
<doc>Closes the current browser.</doc>
<status status="PASS" starttime="20200618 20:55:59.003" endtime="20200618 20:56:01.299"></status>
</kw>
<status status="PASS" starttime="20200618 20:55:46.164" endtime="20200618 20:56:01.300" critical="yes"></status>
</test>
<test id="s1-t7" name="test_account_actions">
<kw name="Open Browser" library="SeleniumLibrary">
<doc>Opens a new browser instance to the optional ``url``.</doc>
<arguments>
<arg>${base_url}</arg>
<arg>chrome</arg>
</arguments>
<msg timestamp="20200618 20:56:01.305" level="INFO">Opening browser 'chrome' to base url 'http://127.0.0.1:5000/'.</msg>
<status status="PASS" starttime="20200618 20:56:01.305" endtime="20200618 20:56:06.544"></status>
</kw>
<kw name="Maximize Browser Window" library="SeleniumLibrary">
<doc>Maximizes current browser window.</doc>
<status status="PASS" starttime="20200618 20:56:06.544" endtime="20200618 20:56:08.869"></status>
</kw>
<kw name="Go To Cashier Login Page">
<kw name="Cashier Login Page Should Be Open">
<kw name="Title Should Be" library="SeleniumLibrary">
<doc>Verifies that the current page title equals ``title``.</doc>
<arguments>
<arg>Mars | Login</arg>
</arguments>
<msg timestamp="20200618 20:56:09.088" level="INFO">Page title is 'Mars | Login'.</msg>
<status status="PASS" starttime="20200618 20:56:08.871" endtime="20200618 20:56:09.088"></status>
</kw>
<kw name="Input Text" library="SeleniumLibrary">
<doc>Types the given ``text`` into the text field identified by ``locator``.</doc>
<arguments>
<arg>name:username</arg>
<arg>${CASHIER_USERNAME}</arg>
</arguments>
<msg timestamp="20200618 20:56:09.088" level="INFO">Typing text 'admin1234' into text field 'name:username'.</msg>
<status status="PASS" starttime="20200618 20:56:09.088" endtime="20200618 20:56:09.815"></status>
</kw>
<kw name="Input Text" library="SeleniumLibrary">
<doc>Types the given ``text`` into the text field identified by ``locator``.</doc>
<arguments>
<arg>name:password</arg>
<arg>${CASHIER_PASSWORD}</arg>
</arguments>
<msg timestamp="20200618 20:56:09.815" level="INFO">Typing text 'Admin@1234' into text field 'name:password'.</msg>
<status status="PASS" starttime="20200618 20:56:09.815" endtime="20200618 20:56:10.569"></status>
</kw>
<kw name="Select From List By Value" library="SeleniumLibrary">
<doc>Selects options from selection list ``locator`` by ``values``.</doc>
<arguments>
<arg>name:login_type</arg>
<arg>cashier</arg>
</arguments>
<msg timestamp="20200618 20:56:10.569" level="INFO">Selecting options from selection list 'name:login_type' by value cashier.</msg>
<status status="PASS" starttime="20200618 20:56:10.569" endtime="20200618 20:56:12.045"></status>
</kw>
<kw name="Click Button" library="SeleniumLibrary">
<doc>Clicks the button identified by ``locator``.</doc>
<arguments>
<arg>Login</arg>
</arguments>
<msg timestamp="20200618 20:56:12.045" level="INFO">Clicking button 'Login'.</msg>
<status status="PASS" starttime="20200618 20:56:12.045" endtime="20200618 20:56:13.560"></status>
</kw>
<kw name="Title Should Be" library="SeleniumLibrary">
<doc>Verifies that the current page title equals ``title``.</doc>
<arguments>
<arg>Mars | Home</arg>
</arguments>
<msg timestamp="20200618 20:56:13.766" level="INFO">Page title is 'Mars | Home'.</msg>
<status status="PASS" starttime="20200618 20:56:13.560" endtime="20200618 20:56:13.766"></status>
</kw>
<status status="PASS" starttime="20200618 20:56:08.870" endtime="20200618 20:56:13.766"></status>
</kw>
<status status="PASS" starttime="20200618 20:56:08.870" endtime="20200618 20:56:13.766"></status>
</kw>
<kw name="Click Link" library="SeleniumLibrary">
<doc>Clicks a link identified by ``locator``.</doc>
<arguments>
<arg>Account Details</arg>
</arguments>
<msg timestamp="20200618 20:56:13.767" level="INFO">Clicking link 'Account Details'.</msg>
<status status="PASS" starttime="20200618 20:56:13.767" endtime="20200618 20:56:14.766"></status>
</kw>
<kw name="Title Should Be" library="SeleniumLibrary">
<doc>Verifies that the current page title equals ``title``.</doc>
<arguments>
<arg>Mars | Account Details</arg>
</arguments>
<msg timestamp="20200618 20:56:14.979" level="INFO">Page title is 'Mars | Account Details'.</msg>
<status status="PASS" starttime="20200618 20:56:14.766" endtime="20200618 20:56:14.979"></status>
</kw>
<kw name="Click Button" library="SeleniumLibrary">
<doc>Clicks the button identified by ``locator``.</doc>
<arguments>
<arg>Deposit</arg>
</arguments>
<msg timestamp="20200618 20:56:14.980" level="INFO">Clicking button 'Deposit'.</msg>
<status status="PASS" starttime="20200618 20:56:14.980" endtime="20200618 20:56:15.771"></status>
</kw>
<kw name="Title Should Be" library="SeleniumLibrary">
<doc>Verifies that the current page title equals ``title``.</doc>
<arguments>
<arg>Mars | Deposit</arg>
</arguments>
<msg timestamp="20200618 20:56:15.979" level="INFO">Page title is 'Mars | Deposit'.</msg>
<status status="PASS" starttime="20200618 20:56:15.771" endtime="20200618 20:56:15.979"></status>
</kw>
<kw name="Input Text" library="SeleniumLibrary">
<doc>Types the given ``text`` into the text field identified by ``locator``.</doc>
<arguments>
<arg>name:deposit_amt</arg>
<arg>5000</arg>
</arguments>
<msg timestamp="20200618 20:56:15.980" level="INFO">Typing text '5000' into text field 'name:deposit_amt'.</msg>
<status status="PASS" starttime="20200618 20:56:15.980" endtime="20200618 20:56:16.691"></status>
</kw>
<kw name="Click Button" library="SeleniumLibrary">
<doc>Clicks the button identified by ``locator``.</doc>
<arguments>
<arg>Deposit</arg>
</arguments>
<msg timestamp="20200618 20:56:16.692" level="INFO">Clicking button 'Deposit'.</msg>
<status status="PASS" starttime="20200618 20:56:16.692" endtime="20200618 20:56:17.833"></status>
</kw>
<kw name="Title Should Be" library="SeleniumLibrary">
<doc>Verifies that the current page title equals ``title``.</doc>
<arguments>
<arg>Mars | Account Details</arg>
</arguments>
<msg timestamp="20200618 20:56:18.040" level="INFO">Page title is 'Mars | Account Details'.</msg>
<status status="PASS" starttime="20200618 20:56:17.834" endtime="20200618 20:56:18.040"></status>
</kw>
<kw name="Click Button" library="SeleniumLibrary">
<doc>Clicks the button identified by ``locator``.</doc>
<arguments>
<arg>Withdraw</arg>
</arguments>
<msg timestamp="20200618 20:56:18.041" level="INFO">Clicking button 'Withdraw'.</msg>
<status status="PASS" starttime="20200618 20:56:18.041" endtime="20200618 20:56:18.820"></status>
</kw>
<kw name="Title Should Be" library="SeleniumLibrary">
<doc>Verifies that the current page title equals ``title``.</doc>
<arguments>
<arg>Mars | Withdraw</arg>
</arguments>
<msg timestamp="20200618 20:56:19.026" level="INFO">Page title is 'Mars | Withdraw'.</msg>
<status status="PASS" starttime="20200618 20:56:18.820" endtime="20200618 20:56:19.026"></status>
</kw>
<kw name="Input Text" library="SeleniumLibrary">
<doc>Types the given ``text`` into the text field identified by ``locator``.</doc>
<arguments>
<arg>name:withdraw_amt</arg>
<arg>1000</arg>
</arguments>
<msg timestamp="20200618 20:56:19.026" level="INFO">Typing text '1000' into text field 'name:withdraw_amt'.</msg>
<status status="PASS" starttime="20200618 20:56:19.026" endtime="20200618 20:56:19.740"></status>
</kw>
<kw name="Click Button" library="SeleniumLibrary">
<doc>Clicks the button identified by ``locator``.</doc>
<arguments>
<arg>Withdraw</arg>
</arguments>
<msg timestamp="20200618 20:56:19.741" level="INFO">Clicking button 'Withdraw'.</msg>
<status status="PASS" starttime="20200618 20:56:19.741" endtime="20200618 20:56:20.851"></status>
</kw>
<kw name="Title Should Be" library="SeleniumLibrary">
<doc>Verifies that the current page title equals ``title``.</doc>
<arguments>
<arg>Mars | Account Details</arg>
</arguments>
<msg timestamp="20200618 20:56:21.057" level="INFO">Page title is 'Mars | Account Details'.</msg>
<status status="PASS" starttime="20200618 20:56:20.851" endtime="20200618 20:56:21.057"></status>
</kw>
<kw name="Click Button" library="SeleniumLibrary">
<doc>Clicks the button identified by ``locator``.</doc>
<arguments>
<arg>Transfer</arg>
</arguments>
<msg timestamp="20200618 20:56:21.058" level="INFO">Clicking button 'Transfer'.</msg>
<status status="PASS" starttime="20200618 20:56:21.058" endtime="20200618 20:56:21.861"></status>
</kw>
<kw name="Title Should Be" library="SeleniumLibrary">
<doc>Verifies that the current page title equals ``title``.</doc>
<arguments>
<arg>Mars | Transfer</arg>
</arguments>
<msg timestamp="20200618 20:56:22.080" level="INFO">Page title is 'Mars | Transfer'.</msg>
<status status="PASS" starttime="20200618 20:56:21.862" endtime="20200618 20:56:22.080"></status>
</kw>
<kw name="Input Text" library="SeleniumLibrary">
<doc>Types the given ``text`` into the text field identified by ``locator``.</doc>
<arguments>
<arg>name:target_account_id</arg>
<arg>300000003</arg>
</arguments>
<msg timestamp="20200618 20:56:22.081" level="INFO">Typing text '300000003' into text field 'name:target_account_id'.</msg>
<status status="PASS" starttime="20200618 20:56:22.081" endtime="20200618 20:56:22.813"></status>
</kw>
<kw name="Select From List By Value" library="SeleniumLibrary">
<doc>Selects options from selection list ``locator`` by ``values``.</doc>
<arguments>
<arg>name:target_account_type</arg>
<arg>savings</arg>
</arguments>
<msg timestamp="20200618 20:56:22.814" level="INFO">Selecting options from selection list 'name:target_account_type' by value savings.</msg>
<status status="PASS" starttime="20200618 20:56:22.814" endtime="20200618 20:56:24.306"></status>
</kw>
<kw name="Execute Javascript" library="SeleniumLibrary">
<doc>Executes the given JavaScript code with possible arguments.</doc>
<arguments>
<arg>window.scrollTo(0,200)</arg>
</arguments>
<msg timestamp="20200618 20:56:24.307" level="INFO">Executing JavaScript:
window.scrollTo(0,200)
Without any arguments.</msg>
<status status="PASS" starttime="20200618 20:56:24.307" endtime="20200618 20:56:24.514"></status>
</kw>
<kw name="Input Text" library="SeleniumLibrary">
<doc>Types the given ``text`` into the text field identified by ``locator``.</doc>
<arguments>
<arg>name:transfer_amt</arg>
<arg>100</arg>
</arguments>
<msg timestamp="20200618 20:56:24.515" level="INFO">Typing text '100' into text field 'name:transfer_amt'.</msg>
<status status="PASS" starttime="20200618 20:56:24.514" endtime="20200618 20:56:25.225"></status>
</kw>
<kw name="Click Button" library="SeleniumLibrary">
<doc>Clicks the button identified by ``locator``.</doc>
<arguments>
<arg>Transfer</arg>
</arguments>
<msg timestamp="20200618 20:56:25.226" level="INFO">Clicking button 'Transfer'.</msg>
<status status="PASS" starttime="20200618 20:56:25.226" endtime="20200618 20:56:26.698"></status>
</kw>
<kw name="Title Should Be" library="SeleniumLibrary">
<doc>Verifies that the current page title equals ``title``.</doc>
<arguments>
<arg>Mars | Account Details</arg>
</arguments>
<msg timestamp="20200618 20:56:26.911" level="INFO">Page title is 'Mars | Account Details'.</msg>
<status status="PASS" starttime="20200618 20:56:26.704" endtime="20200618 20:56:26.911"></status>
</kw>
<kw name="Click Link" library="SeleniumLibrary">
<doc>Clicks a link identified by ``locator``.</doc>
<arguments>
<arg>Logout</arg>
</arguments>
<msg timestamp="20200618 20:56:26.912" level="INFO">Clicking link 'Logout'.</msg>
<status status="PASS" starttime="20200618 20:56:26.912" endtime="20200618 20:56:27.794"></status>
</kw>
<kw name="Close Browser" library="SeleniumLibrary">
<doc>Closes the current browser.</doc>
<status status="PASS" starttime="20200618 20:56:27.795" endtime="20200618 20:56:30.080"></status>
</kw>
<status status="PASS" starttime="20200618 20:56:01.303" endtime="20200618 20:56:30.081" critical="yes"></status>
</test>
<test id="s1-t8" name="test_account_statement">
<kw name="Open Browser" library="SeleniumLibrary">
<doc>Opens a new browser instance to the optional ``url``.</doc>
<arguments>
<arg>${base_url}</arg>
<arg>chrome</arg>
</arguments>
<msg timestamp="20200618 20:56:30.086" level="INFO">Opening browser 'chrome' to base url 'http://127.0.0.1:5000/'.</msg>
<status status="PASS" starttime="20200618 20:56:30.086" endtime="20200618 20:56:34.985"></status>
</kw>
<kw name="Maximize Browser Window" library="SeleniumLibrary">
<doc>Maximizes current browser window.</doc>
<status status="PASS" starttime="20200618 20:56:34.986" endtime="20200618 20:56:37.332"></status>
</kw>
<kw name="Go To Cashier Login Page">
<kw name="Cashier Login Page Should Be Open">
<kw name="Title Should Be" library="SeleniumLibrary">
<doc>Verifies that the current page title equals ``title``.</doc>
<arguments>
<arg>Mars | Login</arg>
</arguments>
<msg timestamp="20200618 20:56:37.546" level="INFO">Page title is 'Mars | Login'.</msg>
<status status="PASS" starttime="20200618 20:56:37.333" endtime="20200618 20:56:37.546"></status>
</kw>
<kw name="Input Text" library="SeleniumLibrary">
<doc>Types the given ``text`` into the text field identified by ``locator``.</doc>
<arguments>
<arg>name:username</arg>
<arg>${CASHIER_USERNAME}</arg>
</arguments>
<msg timestamp="20200618 20:56:37.546" level="INFO">Typing text 'admin1234' into text field 'name:username'.</msg>
<status status="PASS" starttime="20200618 20:56:37.546" endtime="20200618 20:56:38.272"></status>
</kw>
<kw name="Input Text" library="SeleniumLibrary">
<doc>Types the given ``text`` into the text field identified by ``locator``.</doc>
<arguments>
<arg>name:password</arg>
<arg>${CASHIER_PASSWORD}</arg>
</arguments>
<msg timestamp="20200618 20:56:38.272" level="INFO">Typing text 'Admin@1234' into text field 'name:password'.</msg>
<status status="PASS" starttime="20200618 20:56:38.272" endtime="20200618 20:56:39.012"></status>
</kw>
<kw name="Select From List By Value" library="SeleniumLibrary">
<doc>Selects options from selection list ``locator`` by ``values``.</doc>
<arguments>
<arg>name:login_type</arg>
<arg>cashier</arg>
</arguments>
<msg timestamp="20200618 20:56:39.012" level="INFO">Selecting options from selection list 'name:login_type' by value cashier.</msg>
<status status="PASS" starttime="20200618 20:56:39.012" endtime="20200618 20:56:40.467"></status>
</kw>
<kw name="Click Button" library="SeleniumLibrary">
<doc>Clicks the button identified by ``locator``.</doc>
<arguments>
<arg>Login</arg>
</arguments>
<msg timestamp="20200618 20:56:40.467" level="INFO">Clicking button 'Login'.</msg>
<status status="PASS" starttime="20200618 20:56:40.467" endtime="20200618 20:56:41.777"></status>
</kw>
<kw name="Title Should Be" library="SeleniumLibrary">
<doc>Verifies that the current page title equals ``title``.</doc>
<arguments>
<arg>Mars | Home</arg>
</arguments>
<msg timestamp="20200618 20:56:41.983" level="INFO">Page title is 'Mars | Home'.</msg>
<status status="PASS" starttime="20200618 20:56:41.777" endtime="20200618 20:56:41.983"></status>
</kw>
<status status="PASS" starttime="20200618 20:56:37.333" endtime="20200618 20:56:41.983"></status>
</kw>
<status status="PASS" starttime="20200618 20:56:37.333" endtime="20200618 20:56:41.983"></status>
</kw>
<kw name="Click Link" library="SeleniumLibrary">
<doc>Clicks a link identified by ``locator``.</doc>
<arguments>
<arg>Account Statement</arg>
</arguments>
<msg timestamp="20200618 20:56:41.984" level="INFO">Clicking link 'Account Statement'.</msg>
<status status="PASS" starttime="20200618 20:56:41.984" endtime="20200618 20:56:42.865"></status>
</kw>
<kw name="Title Should Be" library="SeleniumLibrary">
<doc>Verifies that the current page title equals ``title``.</doc>
<arguments>
<arg>Mars | Account Statement</arg>
</arguments>
<msg timestamp="20200618 20:56:43.072" level="INFO">Page title is 'Mars | Account Statement'.</msg>
<status status="PASS" starttime="20200618 20:56:42.866" endtime="20200618 20:56:43.072"></status>
</kw>
<kw name="Input Text" library="SeleniumLibrary">
<doc>Types the given ``text`` into the text field identified by ``locator``.</doc>
<arguments>
<arg>name:account_id</arg>
<arg>300000002</arg>
</arguments>
<msg timestamp="20200618 20:56:43.073" level="INFO">Typing text '300000002' into text field 'name:account_id'.</msg>
<status status="PASS" starttime="20200618 20:56:43.072" endtime="20200618 20:56:43.812"></status>
</kw>
<kw name="Select Radio Button" library="SeleniumLibrary">
<doc>Sets the radio button group ``group_name`` to ``value``.</doc>
<arguments>
<arg>statement_type</arg>
<arg>transactions</arg>
</arguments>
<msg timestamp="20200618 20:56:43.813" level="INFO">Selecting 'transactions' from radio button 'statement_type'.</msg>
<status status="PASS" starttime="20200618 20:56:43.812" endtime="20200618 20:56:44.246"></status>
</kw>
<kw name="Set Selenium Speed" library="SeleniumLibrary">
<doc>Sets the delay that is waited after each Selenium command.</doc>
<arguments>
<arg>0.2 seconds</arg>
</arguments>
<status status="PASS" starttime="20200618 20:56:44.247" endtime="20200618 20:56:44.247"></status>
</kw>
<kw name="Select From List By Value" library="SeleniumLibrary">
<doc>Selects options from selection list ``locator`` by ``values``.</doc>
<arguments>
<arg>name:num_of_transactions</arg>
<arg>5</arg>
</arguments>
<msg timestamp="20200618 20:56:44.248" level="INFO">Selecting options from selection list 'name:num_of_transactions' by value 5.</msg>
<status status="PASS" starttime="20200618 20:56:44.247" endtime="20200618 20:56:45.746"></status>
</kw>
<kw name="Click Button" library="SeleniumLibrary">
<doc>Clicks the button identified by ``locator``.</doc>
<arguments>
<arg>Submit</arg>
</arguments>
<msg timestamp="20200618 20:56:45.748" level="INFO">Clicking button 'Submit'.</msg>
<status status="PASS" starttime="20200618 20:56:45.747" endtime="20200618 20:56:48.421"></status>
</kw>
<kw name="Set Selenium Speed" library="SeleniumLibrary">
<doc>Sets the delay that is waited after each Selenium command.</doc>
<arguments>
<arg>0.2 seconds</arg>
</arguments>
<status status="PASS" starttime="20200618 20:56:48.421" endtime="20200618 20:56:48.421"></status>
</kw>
<kw name="Set Selenium Speed" library="SeleniumLibrary">
<doc>Sets the delay that is waited after each Selenium command.</doc>
<arguments>
<arg>0.2 seconds</arg>
</arguments>
<status status="PASS" starttime="20200618 20:56:48.422" endtime="20200618 20:56:48.422"></status>
</kw>
<kw name="Set Selenium Speed" library="SeleniumLibrary">
<doc>Sets the delay that is waited after each Selenium command.</doc>
<arguments>
<arg>0.2 seconds</arg>
</arguments>
<status status="PASS" starttime="20200618 20:56:48.422" endtime="20200618 20:56:48.423"></status>
</kw>
<kw name="Set Selenium Speed" library="SeleniumLibrary">
<doc>Sets the delay that is waited after each Selenium command.</doc>
<arguments>
<arg>0.2 seconds</arg>
</arguments>
<status status="PASS" starttime="20200618 20:56:48.423" endtime="20200618 20:56:48.425"></status>
</kw>
<kw name="Set Selenium Speed" library="SeleniumLibrary">
<doc>Sets the delay that is waited after each Selenium command.</doc>
<arguments>
<arg>0.2 seconds</arg>
</arguments>
<status status="PASS" starttime="20200618 20:56:48.425" endtime="20200618 20:56:48.425"></status>
</kw>
<kw name="Set Selenium Speed" library="SeleniumLibrary">
<doc>Sets the delay that is waited after each Selenium command.</doc>
<arguments>
<arg>0.2 seconds</arg>
</arguments>
<status status="PASS" starttime="20200618 20:56:48.426" endtime="20200618 20:56:48.426"></status>
</kw>
<kw name="Set Selenium Speed" library="SeleniumLibrary">
<doc>Sets the delay that is waited after each Selenium command.</doc>
<arguments>
<arg>0.2 seconds</arg>
</arguments>
<status status="PASS" starttime="20200618 20:56:48.427" endtime="20200618 20:56:48.427"></status>
</kw>
<kw name="Execute Javascript" library="SeleniumLibrary">
<doc>Executes the given JavaScript code with possible arguments.</doc>
<arguments>
<arg>window.scrollTo(0,200)</arg>
</arguments>
<msg timestamp="20200618 20:56:48.429" level="INFO">Executing JavaScript:
window.scrollTo(0,200)
Without any arguments.</msg>
<status status="PASS" starttime="20200618 20:56:48.428" endtime="20200618 20:56:48.643"></status>
</kw>
<kw name="Click Link" library="SeleniumLibrary">
<doc>Clicks a link identified by ``locator``.</doc>
<arguments>
<arg>Go Back</arg>
</arguments>
<msg timestamp="20200618 20:56:48.644" level="INFO">Clicking link 'Go Back'.</msg>
<status status="PASS" starttime="20200618 20:56:48.644" endtime="20200618 20:56:49.399"></status>
</kw>
<kw name="Title Should Be" library="SeleniumLibrary">
<doc>Verifies that the current page title equals ``title``.</doc>
<arguments>
<arg>Mars | Account Statement</arg>
</arguments>
<msg timestamp="20200618 20:56:49.606" level="INFO">Page title is 'Mars | Account Statement'.</msg>
<status status="PASS" starttime="20200618 20:56:49.400" endtime="20200618 20:56:49.606"></status>
</kw>
<kw name="Click Link" library="SeleniumLibrary">
<doc>Clicks a link identified by ``locator``.</doc>
<arguments>
<arg>Logout</arg>
</arguments>
<msg timestamp="20200618 20:56:49.607" level="INFO">Clicking link 'Logout'.</msg>
<status status="PASS" starttime="20200618 20:56:49.607" endtime="20200618 20:56:50.426"></status>
</kw>
<kw name="Close Browser" library="SeleniumLibrary">
<doc>Closes the current browser.</doc>
<status status="PASS" starttime="20200618 20:56:50.427" endtime="20200618 20:56:52.717"></status>
</kw>
<status status="PASS" starttime="20200618 20:56:30.085" endtime="20200618 20:56:52.719" critical="yes"></status>
</test>
<test id="s1-t9" name="test_delete_customer">
<kw name="Open Browser" library="SeleniumLibrary">
<doc>Opens a new browser instance to the optional ``url``.</doc>
<arguments>
<arg>${base_url}</arg>
<arg>chrome</arg>
</arguments>
<msg timestamp="20200618 20:56:52.725" level="INFO">Opening browser 'chrome' to base url 'http://127.0.0.1:5000/'.</msg>
<status status="PASS" starttime="20200618 20:56:52.724" endtime="20200618 20:56:58.893"></status>
</kw>
<kw name="Maximize Browser Window" library="SeleniumLibrary">
<doc>Maximizes current browser window.</doc>
<status status="PASS" starttime="20200618 20:56:58.893" endtime="20200618 20:57:01.233"></status>
</kw>
<kw name="CustExecutive Login Page Should Be Open">
<kw name="Title Should Be" library="SeleniumLibrary">
<doc>Verifies that the current page title equals ``title``.</doc>
<arguments>
<arg>Mars | Login</arg>
</arguments>
<msg timestamp="20200618 20:57:01.456" level="INFO">Page title is 'Mars | Login'.</msg>
<status status="PASS" starttime="20200618 20:57:01.234" endtime="20200618 20:57:01.456"></status>
</kw>
<kw name="Input Text" library="SeleniumLibrary">
<doc>Types the given ``text`` into the text field identified by ``locator``.</doc>
<arguments>
<arg>name:username</arg>
<arg>${CUST_EXECUTIVE_USERNAME}</arg>
</arguments>
<msg timestamp="20200618 20:57:01.456" level="INFO">Typing text 'admin123' into text field 'name:username'.</msg>
<status status="PASS" starttime="20200618 20:57:01.456" endtime="20200618 20:57:02.191"></status>
</kw>
<kw name="Input Text" library="SeleniumLibrary">
<doc>Types the given ``text`` into the text field identified by ``locator``.</doc>
<arguments>
<arg>name:password</arg>
<arg>${CUST_EXECUTIVE_PASSWORD}</arg>
</arguments>
<msg timestamp="20200618 20:57:02.191" level="INFO">Typing text 'Admin@1234' into text field 'name:password'.</msg>
<status status="PASS" starttime="20200618 20:57:02.191" endtime="20200618 20:57:02.929"></status>
</kw>
<kw name="Select From List By Value" library="SeleniumLibrary">
<doc>Selects options from selection list ``locator`` by ``values``.</doc>
<arguments>
<arg>name:login_type</arg>
<arg>cust_executive</arg>
</arguments>
<msg timestamp="20200618 20:57:02.929" level="INFO">Selecting options from selection list 'name:login_type' by value cust_executive.</msg>
<status status="PASS" starttime="20200618 20:57:02.929" endtime="20200618 20:57:04.154"></status>
</kw>
<kw name="Click Button" library="SeleniumLibrary">
<doc>Clicks the button identified by ``locator``.</doc>
<arguments>
<arg>Login</arg>
</arguments>
<msg timestamp="20200618 20:57:04.154" level="INFO">Clicking button 'Login'.</msg>
<status status="PASS" starttime="20200618 20:57:04.154" endtime="20200618 20:57:06.410"></status>
</kw>
<kw name="Title Should Be" library="SeleniumLibrary">
<doc>Verifies that the current page title equals ``title``.</doc>
<arguments>
<arg>Mars | Home</arg>
</arguments>
<msg timestamp="20200618 20:57:06.616" level="INFO">Page title is 'Mars | Home'.</msg>
<status status="PASS" starttime="20200618 20:57:06.410" endtime="20200618 20:57:06.616"></status>
</kw>
<status status="PASS" starttime="20200618 20:57:01.234" endtime="20200618 20:57:06.617"></status>
</kw>
<kw name="Click Element" library="SeleniumLibrary">
<doc>Click the element identified by ``locator``.</doc>
<arguments>
<arg>//*[contains(text(),'Customer Management')]</arg>
</arguments>
<msg timestamp="20200618 20:57:06.630" level="INFO">Clicking element '//*[contains(text(),'Customer Management')]'.</msg>
<status status="PASS" starttime="20200618 20:57:06.629" endtime="20200618 20:57:07.193"></status>
</kw>
<kw name="Click Link" library="SeleniumLibrary">
<doc>Clicks a link identified by ``locator``.</doc>
<arguments>
<arg>Delete Customer</arg>
</arguments>
<msg timestamp="20200618 20:57:07.194" level="INFO">Clicking link 'Delete Customer'.</msg>
<status status="PASS" starttime="20200618 20:57:07.193" endtime="20200618 20:57:08.061"></status>
</kw>
<kw name="Select From List By Value" library="SeleniumLibrary">
<doc>Selects options from selection list ``locator`` by ``values``.</doc>
<arguments>
<arg>name:input_type</arg>
<arg>cust_id</arg>
</arguments>
<msg timestamp="20200618 20:57:08.062" level="INFO">Selecting options from selection list 'name:input_type' by value cust_id.</msg>
<status status="PASS" starttime="20200618 20:57:08.062" endtime="20200618 20:57:09.344"></status>
</kw>
<kw name="Input Text" library="SeleniumLibrary">
<doc>Types the given ``text`` into the text field identified by ``locator``.</doc>
<arguments>
<arg>name:id</arg>
<arg>${CUST_ID}</arg>
</arguments>
<msg timestamp="20200618 20:57:09.345" level="INFO">Typing text '100000004' into text field 'name:id'.</msg>
<status status="PASS" starttime="20200618 20:57:09.345" endtime="20200618 20:57:10.111"></status>
</kw>
<kw name="Click Element" library="SeleniumLibrary">
<doc>Click the element identified by ``locator``.</doc>
<arguments>
<arg>id:searchBtn</arg>
</arguments>
<msg timestamp="20200618 20:57:10.112" level="INFO">Clicking element 'id:searchBtn'.</msg>
<status status="PASS" starttime="20200618 20:57:10.112" endtime="20200618 20:57:10.694"></status>
</kw>
<kw name="Click Link" library="SeleniumLibrary">
<doc>Clicks a link identified by ``locator``.</doc>
<arguments>
<arg>Cancel</arg>
</arguments>
<msg timestamp="20200618 20:57:10.695" level="INFO">Clicking link 'Cancel'.</msg>
<status status="PASS" starttime="20200618 20:57:10.695" endtime="20200618 20:57:11.445"></status>
</kw>
<kw name="Title Should Be" library="SeleniumLibrary">
<doc>Verifies that the current page title equals ``title``.</doc>
<arguments>
<arg>Mars | Delete Customer</arg>
</arguments>
<msg timestamp="20200618 20:57:11.665" level="INFO">Page title is 'Mars | Delete Customer'.</msg>
<status status="PASS" starttime="20200618 20:57:11.446" endtime="20200618 20:57:11.665"></status>
</kw>
<kw name="Click Element" library="SeleniumLibrary">
<doc>Click the element identified by ``locator``.</doc>
<arguments>
<arg>//*[contains(text(),'Customer Management')]</arg>
</arguments>
<msg timestamp="20200618 20:57:11.666" level="INFO">Clicking element '//*[contains(text(),'Customer Management')]'.</msg>
<status status="PASS" starttime="20200618 20:57:11.666" endtime="20200618 20:57:12.126"></status>
</kw>
<kw name="Click Link" library="SeleniumLibrary">
<doc>Clicks a link identified by ``locator``.</doc>
<arguments>
<arg>Delete Customer</arg>
</arguments>
<msg timestamp="20200618 20:57:12.127" level="INFO">Clicking link 'Delete Customer'.</msg>
<status status="PASS" starttime="20200618 20:57:12.126" endtime="20200618 20:57:12.925"></status>
</kw>
<kw name="Select From List By Value" library="SeleniumLibrary">
<doc>Selects options from selection list ``locator`` by ``values``.</doc>
<arguments>
<arg>name:input_type</arg>
<arg>cust_id</arg>
</arguments>
<msg timestamp="20200618 20:57:12.926" level="INFO">Selecting options from selection list 'name:input_type' by value cust_id.</msg>
<status status="PASS" starttime="20200618 20:57:12.926" endtime="20200618 20:57:14.190"></status>
</kw>
<kw name="Input Text" library="SeleniumLibrary">
<doc>Types the given ``text`` into the text field identified by ``locator``.</doc>
<arguments>
<arg>name:id</arg>
<arg>${CUST_ID}</arg>
</arguments>
<msg timestamp="20200618 20:57:14.192" level="INFO">Typing text '100000004' into text field 'name:id'.</msg>
<status status="PASS" starttime="20200618 20:57:14.192" endtime="20200618 20:57:14.928"></status>
</kw>
<kw name="Click Element" library="SeleniumLibrary">
<doc>Click the element identified by ``locator``.</doc>
<arguments>
<arg>id:searchBtn</arg>
</arguments>
<msg timestamp="20200618 20:57:14.929" level="INFO">Clicking element 'id:searchBtn'.</msg>
<status status="PASS" starttime="20200618 20:57:14.929" endtime="20200618 20:57:15.479"></status>
</kw>
<kw name="Click Button" library="SeleniumLibrary">
<doc>Clicks the button identified by ``locator``.</doc>
<arguments>
<arg>Delete</arg>
</arguments>
<msg timestamp="20200618 20:57:15.480" level="INFO">Clicking button 'Delete'.</msg>
<status status="PASS" starttime="20200618 20:57:15.480" endtime="20200618 20:57:16.528"></status>
</kw>
<kw name="Title Should Be" library="SeleniumLibrary">
<doc>Verifies that the current page title equals ``title``.</doc>
<arguments>
<arg>Mars | Delete Customer</arg>
</arguments>
<msg timestamp="20200618 20:57:16.736" level="INFO">Page title is 'Mars | Delete Customer'.</msg>
<status status="PASS" starttime="20200618 20:57:16.529" endtime="20200618 20:57:16.736"></status>
</kw>
<kw name="Click Link" library="SeleniumLibrary">
<doc>Clicks a link identified by ``locator``.</doc>
<arguments>
<arg>Logout</arg>
</arguments>
<msg timestamp="20200618 20:57:16.736" level="INFO">Clicking link 'Logout'.</msg>
<status status="PASS" starttime="20200618 20:57:16.736" endtime="20200618 20:57:17.576"></status>
</kw>
<kw name="Close Browser" library="SeleniumLibrary">
<doc>Closes the current browser.</doc>
<status status="PASS" starttime="20200618 20:57:17.577" endtime="20200618 20:57:19.848"></status>
</kw>
<status status="PASS" starttime="20200618 20:56:52.721" endtime="20200618 20:57:19.849" critical="yes"></status>
</test>
<status status="PASS" starttime="20200618 20:53:37.734" endtime="20200618 20:57:19.855"></status>
</suite>
<statistics>
<total>
<stat pass="9" fail="0">Critical Tests</stat>
<stat pass="9" fail="0">All Tests</stat>
</total>
<tag>
</tag>
<suite>
<stat pass="9" fail="0" id="s1" name="Acceptance Test">Acceptance Test</stat>
</suite>
</statistics>
<errors>
</errors>
</robot>
